Question #: 1, https://www.examtopics.com/discussions/microsoft/view/62815-exam-az-900-topic-1-question-1-discussion/, Error al cargar la página https://www.examtopics.com/discussions/microsoft/view/62815-exam-az-900-topic-1-question-1-discussion/: Message: no such window: target window already closed
from unknown error: web view not found
  (Session info: chrome=131.0.6778.205)
Stacktrace:
	GetHandleVerifier [0x00007FF770ED6CB5+28821]
	(No symbol) [0x00007FF770E43840]
	(No symbol) [0x00007FF770CE578A]
	(No symbol) [0x00007FF770CBF4F5]
	(No symbol) [0x00007FF770D66247]
	(No symbol) [0x00007FF770D7ECE2]
	(No symbol) [0x00007FF770D5F0A3]
	(No symbol) [0x00007FF770D2A778]
	(No symbol) [0x00007FF770D2B8E1]
	GetHandleVerifier [0x00007FF77120FCAD+3408013]
	GetHandleVerifier [0x00007FF77122741F+3504127]
	GetHandleVerifier [0x00007FF77121B5FD+3455453]
	GetHandleVerifier [0x00007FF770F9BDBB+835995]
	(No symbol) [0x00007FF770E4EB5F]
	(No symbol) [0x00007FF770E4A814]
	(No symbol) [0x00007FF770E4A9AD]
	(No symbol) [0x00007FF770E3A199]
	BaseThreadInitThunk [0x00007FFB033F259D+29]
	RtlUserThreadStart [0x00007FFB042AAF38+40]

Question #: 2, https://www.examtopics.com/discussions/microsoft/view/56934-exam-az-900-topic-1-question-2-discussion/, Error al cargar la página https://www.examtopics.com/discussions/microsoft/view/56934-exam-az-900-topic-1-question-2-discussion/: Message: no such window: target window already closed
from unknown error: web view not found
  (Session info: chrome=131.0.6778.205)
Stacktrace:
	GetHandleVerifier [0x00007FF770ED6CB5+28821]
	(No symbol) [0x00007FF770E43840]
	(No symbol) [0x00007FF770CE578A]
	(No symbol) [0x00007FF770CBF4F5]
	(No symbol) [0x00007FF770D66247]
	(No symbol) [0x00007FF770D7ECE2]
	(No symbol) [0x00007FF770D5F0A3]
	(No symbol) [0x00007FF770D2A778]
	(No symbol) [0x00007FF770D2B8E1]
	GetHandleVerifier [0x00007FF77120FCAD+3408013]
	GetHandleVerifier [0x00007FF77122741F+3504127]
	GetHandleVerifier [0x00007FF77121B5FD+3455453]
	GetHandleVerifier [0x00007FF770F9BDBB+835995]
	(No symbol) [0x00007FF770E4EB5F]
	(No symbol) [0x00007FF770E4A814]
	(No symbol) [0x00007FF770E4A9AD]
	(No symbol) [0x00007FF770E3A199]
	BaseThreadInitThunk [0x00007FFB033F259D+29]
	RtlUserThreadStart [0x00007FFB042AAF38+40]

Question #: 3, https://www.examtopics.com/discussions/microsoft/view/56418-exam-az-900-topic-1-question-3-discussion/, Error al cargar la página https://www.examtopics.com/discussions/microsoft/view/56418-exam-az-900-topic-1-question-3-discussion/: Message: no such window: target window already closed
from unknown error: web view not found
  (Session info: chrome=131.0.6778.205)
Stacktrace:
	GetHandleVerifier [0x00007FF770ED6CB5+28821]
	(No symbol) [0x00007FF770E43840]
	(No symbol) [0x00007FF770CE578A]
	(No symbol) [0x00007FF770CBF4F5]
	(No symbol) [0x00007FF770D66247]
	(No symbol) [0x00007FF770D7ECE2]
	(No symbol) [0x00007FF770D5F0A3]
	(No symbol) [0x00007FF770D2A778]
	(No symbol) [0x00007FF770D2B8E1]
	GetHandleVerifier [0x00007FF77120FCAD+3408013]
	GetHandleVerifier [0x00007FF77122741F+3504127]
	GetHandleVerifier [0x00007FF77121B5FD+3455453]
	GetHandleVerifier [0x00007FF770F9BDBB+835995]
	(No symbol) [0x00007FF770E4EB5F]
	(No symbol) [0x00007FF770E4A814]
	(No symbol) [0x00007FF770E4A9AD]
	(No symbol) [0x00007FF770E3A199]
	BaseThreadInitThunk [0x00007FFB033F259D+29]
	RtlUserThreadStart [0x00007FFB042AAF38+40]

Question #: 4, https://www.examtopics.com/discussions/microsoft/view/56881-exam-az-900-topic-1-question-4-discussion/, Error al cargar la página https://www.examtopics.com/discussions/microsoft/view/56881-exam-az-900-topic-1-question-4-discussion/: Message: no such window: target window already closed
from unknown error: web view not found
  (Session info: chrome=131.0.6778.205)
Stacktrace:
	GetHandleVerifier [0x00007FF770ED6CB5+28821]
	(No symbol) [0x00007FF770E43840]
	(No symbol) [0x00007FF770CE578A]
	(No symbol) [0x00007FF770CBF4F5]
	(No symbol) [0x00007FF770D66247]
	(No symbol) [0x00007FF770D7ECE2]
	(No symbol) [0x00007FF770D5F0A3]
	(No symbol) [0x00007FF770D2A778]
	(No symbol) [0x00007FF770D2B8E1]
	GetHandleVerifier [0x00007FF77120FCAD+3408013]
	GetHandleVerifier [0x00007FF77122741F+3504127]
	GetHandleVerifier [0x00007FF77121B5FD+3455453]
	GetHandleVerifier [0x00007FF770F9BDBB+835995]
	(No symbol) [0x00007FF770E4EB5F]
	(No symbol) [0x00007FF770E4A814]
	(No symbol) [0x00007FF770E4A9AD]
	(No symbol) [0x00007FF770E3A199]
	BaseThreadInitThunk [0x00007FFB033F259D+29]
	RtlUserThreadStart [0x00007FFB042AAF38+40]

Question #: 5, https://www.examtopics.com/discussions/microsoft/view/56882-exam-az-900-topic-1-question-5-discussion/, Error al cargar la página https://www.examtopics.com/discussions/microsoft/view/56882-exam-az-900-topic-1-question-5-discussion/: Message: no such window: target window already closed
from unknown error: web view not found
  (Session info: chrome=131.0.6778.205)
Stacktrace:
	GetHandleVerifier [0x00007FF770ED6CB5+28821]
	(No symbol) [0x00007FF770E43840]
	(No symbol) [0x00007FF770CE578A]
	(No symbol) [0x00007FF770CBF4F5]
	(No symbol) [0x00007FF770D66247]
	(No symbol) [0x00007FF770D7ECE2]
	(No symbol) [0x00007FF770D5F0A3]
	(No symbol) [0x00007FF770D2A778]
	(No symbol) [0x00007FF770D2B8E1]
	GetHandleVerifier [0x00007FF77120FCAD+3408013]
	GetHandleVerifier [0x00007FF77122741F+3504127]
	GetHandleVerifier [0x00007FF77121B5FD+3455453]
	GetHandleVerifier [0x00007FF770F9BDBB+835995]
	(No symbol) [0x00007FF770E4EB5F]
	(No symbol) [0x00007FF770E4A814]
	(No symbol) [0x00007FF770E4A9AD]
	(No symbol) [0x00007FF770E3A199]
	BaseThreadInitThunk [0x00007FFB033F259D+29]
	RtlUserThreadStart [0x00007FFB042AAF38+40]

Question #: 6, https://www.examtopics.com/discussions/microsoft/view/56559-exam-az-900-topic-1-question-6-discussion/, Error al cargar la página https://www.examtopics.com/discussions/microsoft/view/56559-exam-az-900-topic-1-question-6-discussion/: Message: no such window: target window already closed
from unknown error: web view not found
  (Session info: chrome=131.0.6778.205)
Stacktrace:
	GetHandleVerifier [0x00007FF770ED6CB5+28821]
	(No symbol) [0x00007FF770E43840]
	(No symbol) [0x00007FF770CE578A]
	(No symbol) [0x00007FF770CBF4F5]
	(No symbol) [0x00007FF770D66247]
	(No symbol) [0x00007FF770D7ECE2]
	(No symbol) [0x00007FF770D5F0A3]
	(No symbol) [0x00007FF770D2A778]
	(No symbol) [0x00007FF770D2B8E1]
	GetHandleVerifier [0x00007FF77120FCAD+3408013]
	GetHandleVerifier [0x00007FF77122741F+3504127]
	GetHandleVerifier [0x00007FF77121B5FD+3455453]
	GetHandleVerifier [0x00007FF770F9BDBB+835995]
	(No symbol) [0x00007FF770E4EB5F]
	(No symbol) [0x00007FF770E4A814]
	(No symbol) [0x00007FF770E4A9AD]
	(No symbol) [0x00007FF770E3A199]
	BaseThreadInitThunk [0x00007FFB033F259D+29]
	RtlUserThreadStart [0x00007FFB042AAF38+40]

Question #: 7, https://www.examtopics.com/discussions/microsoft/view/56422-exam-az-900-topic-1-question-7-discussion/, Error al cargar la página https://www.examtopics.com/discussions/microsoft/view/56422-exam-az-900-topic-1-question-7-discussion/: Message: no such window: target window already closed
from unknown error: web view not found
  (Session info: chrome=131.0.6778.205)
Stacktrace:
	GetHandleVerifier [0x00007FF770ED6CB5+28821]
	(No symbol) [0x00007FF770E43840]
	(No symbol) [0x00007FF770CE578A]
	(No symbol) [0x00007FF770CBF4F5]
	(No symbol) [0x00007FF770D66247]
	(No symbol) [0x00007FF770D7ECE2]
	(No symbol) [0x00007FF770D5F0A3]
	(No symbol) [0x00007FF770D2A778]
	(No symbol) [0x00007FF770D2B8E1]
	GetHandleVerifier [0x00007FF77120FCAD+3408013]
	GetHandleVerifier [0x00007FF77122741F+3504127]
	GetHandleVerifier [0x00007FF77121B5FD+3455453]
	GetHandleVerifier [0x00007FF770F9BDBB+835995]
	(No symbol) [0x00007FF770E4EB5F]
	(No symbol) [0x00007FF770E4A814]
	(No symbol) [0x00007FF770E4A9AD]
	(No symbol) [0x00007FF770E3A199]
	BaseThreadInitThunk [0x00007FFB033F259D+29]
	RtlUserThreadStart [0x00007FFB042AAF38+40]

Question #: 8, https://www.examtopics.com/discussions/microsoft/view/56761-exam-az-900-topic-1-question-8-discussion/, Error al cargar la página https://www.examtopics.com/discussions/microsoft/view/56761-exam-az-900-topic-1-question-8-discussion/: Message: no such window: target window already closed
from unknown error: web view not found
  (Session info: chrome=131.0.6778.205)
Stacktrace:
	GetHandleVerifier [0x00007FF770ED6CB5+28821]
	(No symbol) [0x00007FF770E43840]
	(No symbol) [0x00007FF770CE578A]
	(No symbol) [0x00007FF770CBF4F5]
	(No symbol) [0x00007FF770D66247]
	(No symbol) [0x00007FF770D7ECE2]
	(No symbol) [0x00007FF770D5F0A3]
	(No symbol) [0x00007FF770D2A778]
	(No symbol) [0x00007FF770D2B8E1]
	GetHandleVerifier [0x00007FF77120FCAD+3408013]
	GetHandleVerifier [0x00007FF77122741F+3504127]
	GetHandleVerifier [0x00007FF77121B5FD+3455453]
	GetHandleVerifier [0x00007FF770F9BDBB+835995]
	(No symbol) [0x00007FF770E4EB5F]
	(No symbol) [0x00007FF770E4A814]
	(No symbol) [0x00007FF770E4A9AD]
	(No symbol) [0x00007FF770E3A199]
	BaseThreadInitThunk [0x00007FFB033F259D+29]
	RtlUserThreadStart [0x00007FFB042AAF38+40]

Question #: 9, https://www.examtopics.com/discussions/microsoft/view/62985-exam-az-900-topic-1-question-9-discussion/, Error al cargar la página https://www.examtopics.com/discussions/microsoft/view/62985-exam-az-900-topic-1-question-9-discussion/: Message: no such window: target window already closed
from unknown error: web view not found
  (Session info: chrome=131.0.6778.205)
Stacktrace:
	GetHandleVerifier [0x00007FF770ED6CB5+28821]
	(No symbol) [0x00007FF770E43840]
	(No symbol) [0x00007FF770CE578A]
	(No symbol) [0x00007FF770CBF4F5]
	(No symbol) [0x00007FF770D66247]
	(No symbol) [0x00007FF770D7ECE2]
	(No symbol) [0x00007FF770D5F0A3]
	(No symbol) [0x00007FF770D2A778]
	(No symbol) [0x00007FF770D2B8E1]
	GetHandleVerifier [0x00007FF77120FCAD+3408013]
	GetHandleVerifier [0x00007FF77122741F+3504127]
	GetHandleVerifier [0x00007FF77121B5FD+3455453]
	GetHandleVerifier [0x00007FF770F9BDBB+835995]
	(No symbol) [0x00007FF770E4EB5F]
	(No symbol) [0x00007FF770E4A814]
	(No symbol) [0x00007FF770E4A9AD]
	(No symbol) [0x00007FF770E3A199]
	BaseThreadInitThunk [0x00007FFB033F259D+29]
	RtlUserThreadStart [0x00007FFB042AAF38+40]

Question #: 10, https://www.examtopics.com/discussions/microsoft/view/56453-exam-az-900-topic-1-question-10-discussion/, Error al cargar la página https://www.examtopics.com/discussions/microsoft/view/56453-exam-az-900-topic-1-question-10-discussion/: Message: no such window: target window already closed
from unknown error: web view not found
  (Session info: chrome=131.0.6778.205)
Stacktrace:
	GetHandleVerifier [0x00007FF770ED6CB5+28821]
	(No symbol) [0x00007FF770E43840]
	(No symbol) [0x00007FF770CE578A]
	(No symbol) [0x00007FF770CBF4F5]
	(No symbol) [0x00007FF770D66247]
	(No symbol) [0x00007FF770D7ECE2]
	(No symbol) [0x00007FF770D5F0A3]
	(No symbol) [0x00007FF770D2A778]
	(No symbol) [0x00007FF770D2B8E1]
	GetHandleVerifier [0x00007FF77120FCAD+3408013]
	GetHandleVerifier [0x00007FF77122741F+3504127]
	GetHandleVerifier [0x00007FF77121B5FD+3455453]
	GetHandleVerifier [0x00007FF770F9BDBB+835995]
	(No symbol) [0x00007FF770E4EB5F]
	(No symbol) [0x00007FF770E4A814]
	(No symbol) [0x00007FF770E4A9AD]
	(No symbol) [0x00007FF770E3A199]
	BaseThreadInitThunk [0x00007FFB033F259D+29]
	RtlUserThreadStart [0x00007FFB042AAF38+40]

Question #: 11, https://www.examtopics.com/discussions/microsoft/view/56624-exam-az-900-topic-1-question-11-discussion/, Error al cargar la página https://www.examtopics.com/discussions/microsoft/view/56624-exam-az-900-topic-1-question-11-discussion/: Message: no such window: target window already closed
from unknown error: web view not found
  (Session info: chrome=131.0.6778.205)
Stacktrace:
	GetHandleVerifier [0x00007FF770ED6CB5+28821]
	(No symbol) [0x00007FF770E43840]
	(No symbol) [0x00007FF770CE578A]
	(No symbol) [0x00007FF770CBF4F5]
	(No symbol) [0x00007FF770D66247]
	(No symbol) [0x00007FF770D7ECE2]
	(No symbol) [0x00007FF770D5F0A3]
	(No symbol) [0x00007FF770D2A778]
	(No symbol) [0x00007FF770D2B8E1]
	GetHandleVerifier [0x00007FF77120FCAD+3408013]
	GetHandleVerifier [0x00007FF77122741F+3504127]
	GetHandleVerifier [0x00007FF77121B5FD+3455453]
	GetHandleVerifier [0x00007FF770F9BDBB+835995]
	(No symbol) [0x00007FF770E4EB5F]
	(No symbol) [0x00007FF770E4A814]
	(No symbol) [0x00007FF770E4A9AD]
	(No symbol) [0x00007FF770E3A199]
	BaseThreadInitThunk [0x00007FFB033F259D+29]
	RtlUserThreadStart [0x00007FFB042AAF38+40]

Question #: 12, https://www.examtopics.com/discussions/microsoft/view/56625-exam-az-900-topic-1-question-12-discussion/, Error al cargar la página https://www.examtopics.com/discussions/microsoft/view/56625-exam-az-900-topic-1-question-12-discussion/: Message: no such window: target window already closed
from unknown error: web view not found
  (Session info: chrome=131.0.6778.205)
Stacktrace:
	GetHandleVerifier [0x00007FF770ED6CB5+28821]
	(No symbol) [0x00007FF770E43840]
	(No symbol) [0x00007FF770CE578A]
	(No symbol) [0x00007FF770CBF4F5]
	(No symbol) [0x00007FF770D66247]
	(No symbol) [0x00007FF770D7ECE2]
	(No symbol) [0x00007FF770D5F0A3]
	(No symbol) [0x00007FF770D2A778]
	(No symbol) [0x00007FF770D2B8E1]
	GetHandleVerifier [0x00007FF77120FCAD+3408013]
	GetHandleVerifier [0x00007FF77122741F+3504127]
	GetHandleVerifier [0x00007FF77121B5FD+3455453]
	GetHandleVerifier [0x00007FF770F9BDBB+835995]
	(No symbol) [0x00007FF770E4EB5F]
	(No symbol) [0x00007FF770E4A814]
	(No symbol) [0x00007FF770E4A9AD]
	(No symbol) [0x00007FF770E3A199]
	BaseThreadInitThunk [0x00007FFB033F259D+29]
	RtlUserThreadStart [0x00007FFB042AAF38+40]

Question #: 13, https://www.examtopics.com/discussions/microsoft/view/56627-exam-az-900-topic-1-question-13-discussion/, Error al cargar la página https://www.examtopics.com/discussions/microsoft/view/56627-exam-az-900-topic-1-question-13-discussion/: Message: no such window: target window already closed
from unknown error: web view not found
  (Session info: chrome=131.0.6778.205)
Stacktrace:
	GetHandleVerifier [0x00007FF770ED6CB5+28821]
	(No symbol) [0x00007FF770E43840]
	(No symbol) [0x00007FF770CE578A]
	(No symbol) [0x00007FF770CBF4F5]
	(No symbol) [0x00007FF770D66247]
	(No symbol) [0x00007FF770D7ECE2]
	(No symbol) [0x00007FF770D5F0A3]
	(No symbol) [0x00007FF770D2A778]
	(No symbol) [0x00007FF770D2B8E1]
	GetHandleVerifier [0x00007FF77120FCAD+3408013]
	GetHandleVerifier [0x00007FF77122741F+3504127]
	GetHandleVerifier [0x00007FF77121B5FD+3455453]
	GetHandleVerifier [0x00007FF770F9BDBB+835995]
	(No symbol) [0x00007FF770E4EB5F]
	(No symbol) [0x00007FF770E4A814]
	(No symbol) [0x00007FF770E4A9AD]
	(No symbol) [0x00007FF770E3A199]
	BaseThreadInitThunk [0x00007FFB033F259D+29]
	RtlUserThreadStart [0x00007FFB042AAF38+40]

Question #: 14, https://www.examtopics.com/discussions/microsoft/view/56918-exam-az-900-topic-1-question-14-discussion/, Error al cargar la página https://www.examtopics.com/discussions/microsoft/view/56918-exam-az-900-topic-1-question-14-discussion/: Message: no such window: target window already closed
from unknown error: web view not found
  (Session info: chrome=131.0.6778.205)
Stacktrace:
	GetHandleVerifier [0x00007FF770ED6CB5+28821]
	(No symbol) [0x00007FF770E43840]
	(No symbol) [0x00007FF770CE578A]
	(No symbol) [0x00007FF770CBF4F5]
	(No symbol) [0x00007FF770D66247]
	(No symbol) [0x00007FF770D7ECE2]
	(No symbol) [0x00007FF770D5F0A3]
	(No symbol) [0x00007FF770D2A778]
	(No symbol) [0x00007FF770D2B8E1]
	GetHandleVerifier [0x00007FF77120FCAD+3408013]
	GetHandleVerifier [0x00007FF77122741F+3504127]
	GetHandleVerifier [0x00007FF77121B5FD+3455453]
	GetHandleVerifier [0x00007FF770F9BDBB+835995]
	(No symbol) [0x00007FF770E4EB5F]
	(No symbol) [0x00007FF770E4A814]
	(No symbol) [0x00007FF770E4A9AD]
	(No symbol) [0x00007FF770E3A199]
	BaseThreadInitThunk [0x00007FFB033F259D+29]
	RtlUserThreadStart [0x00007FFB042AAF38+40]

Question #: 15, https://www.examtopics.com/discussions/microsoft/view/56888-exam-az-900-topic-1-question-15-discussion/, Error al cargar la página https://www.examtopics.com/discussions/microsoft/view/56888-exam-az-900-topic-1-question-15-discussion/: Message: no such window: target window already closed
from unknown error: web view not found
  (Session info: chrome=131.0.6778.205)
Stacktrace:
	GetHandleVerifier [0x00007FF770ED6CB5+28821]
	(No symbol) [0x00007FF770E43840]
	(No symbol) [0x00007FF770CE578A]
	(No symbol) [0x00007FF770CBF4F5]
	(No symbol) [0x00007FF770D66247]
	(No symbol) [0x00007FF770D7ECE2]
	(No symbol) [0x00007FF770D5F0A3]
	(No symbol) [0x00007FF770D2A778]
	(No symbol) [0x00007FF770D2B8E1]
	GetHandleVerifier [0x00007FF77120FCAD+3408013]
	GetHandleVerifier [0x00007FF77122741F+3504127]
	GetHandleVerifier [0x00007FF77121B5FD+3455453]
	GetHandleVerifier [0x00007FF770F9BDBB+835995]
	(No symbol) [0x00007FF770E4EB5F]
	(No symbol) [0x00007FF770E4A814]
	(No symbol) [0x00007FF770E4A9AD]
	(No symbol) [0x00007FF770E3A199]
	BaseThreadInitThunk [0x00007FFB033F259D+29]
	RtlUserThreadStart [0x00007FFB042AAF38+40]

Question #: 16, https://www.examtopics.com/discussions/microsoft/view/56892-exam-az-900-topic-1-question-16-discussion/, Error al cargar la página https://www.examtopics.com/discussions/microsoft/view/56892-exam-az-900-topic-1-question-16-discussion/: Message: no such window: target window already closed
from unknown error: web view not found
  (Session info: chrome=131.0.6778.205)
Stacktrace:
	GetHandleVerifier [0x00007FF770ED6CB5+28821]
	(No symbol) [0x00007FF770E43840]
	(No symbol) [0x00007FF770CE578A]
	(No symbol) [0x00007FF770CBF4F5]
	(No symbol) [0x00007FF770D66247]
	(No symbol) [0x00007FF770D7ECE2]
	(No symbol) [0x00007FF770D5F0A3]
	(No symbol) [0x00007FF770D2A778]
	(No symbol) [0x00007FF770D2B8E1]
	GetHandleVerifier [0x00007FF77120FCAD+3408013]
	GetHandleVerifier [0x00007FF77122741F+3504127]
	GetHandleVerifier [0x00007FF77121B5FD+3455453]
	GetHandleVerifier [0x00007FF770F9BDBB+835995]
	(No symbol) [0x00007FF770E4EB5F]
	(No symbol) [0x00007FF770E4A814]
	(No symbol) [0x00007FF770E4A9AD]
	(No symbol) [0x00007FF770E3A199]
	BaseThreadInitThunk [0x00007FFB033F259D+29]
	RtlUserThreadStart [0x00007FFB042AAF38+40]

Question #: 17, https://www.examtopics.com/discussions/microsoft/view/56306-exam-az-900-topic-1-question-17-discussion/, Error al cargar la página https://www.examtopics.com/discussions/microsoft/view/56306-exam-az-900-topic-1-question-17-discussion/: Message: no such window: target window already closed
from unknown error: web view not found
  (Session info: chrome=131.0.6778.205)
Stacktrace:
	GetHandleVerifier [0x00007FF770ED6CB5+28821]
	(No symbol) [0x00007FF770E43840]
	(No symbol) [0x00007FF770CE578A]
	(No symbol) [0x00007FF770CBF4F5]
	(No symbol) [0x00007FF770D66247]
	(No symbol) [0x00007FF770D7ECE2]
	(No symbol) [0x00007FF770D5F0A3]
	(No symbol) [0x00007FF770D2A778]
	(No symbol) [0x00007FF770D2B8E1]
	GetHandleVerifier [0x00007FF77120FCAD+3408013]
	GetHandleVerifier [0x00007FF77122741F+3504127]
	GetHandleVerifier [0x00007FF77121B5FD+3455453]
	GetHandleVerifier [0x00007FF770F9BDBB+835995]
	(No symbol) [0x00007FF770E4EB5F]
	(No symbol) [0x00007FF770E4A814]
	(No symbol) [0x00007FF770E4A9AD]
	(No symbol) [0x00007FF770E3A199]
	BaseThreadInitThunk [0x00007FFB033F259D+29]
	RtlUserThreadStart [0x00007FFB042AAF38+40]

Question #: 1, https://www.examtopics.com/discussions/microsoft/view/62815-exam-az-900-topic-1-question-1-discussion/, Error al cargar la página https://www.examtopics.com/discussions/microsoft/view/62815-exam-az-900-topic-1-question-1-discussion/: Message: no such window: target window already closed
from unknown error: web view not found
  (Session info: chrome=131.0.6778.205)
Stacktrace:
	GetHandleVerifier [0x00007FF770ED6CB5+28821]
	(No symbol) [0x00007FF770E43840]
	(No symbol) [0x00007FF770CE578A]
	(No symbol) [0x00007FF770CBF4F5]
	(No symbol) [0x00007FF770D66247]
	(No symbol) [0x00007FF770D7ECE2]
	(No symbol) [0x00007FF770D5F0A3]
	(No symbol) [0x00007FF770D2A778]
	(No symbol) [0x00007FF770D2B8E1]
	GetHandleVerifier [0x00007FF77120FCAD+3408013]
	GetHandleVerifier [0x00007FF77122741F+3504127]
	GetHandleVerifier [0x00007FF77121B5FD+3455453]
	GetHandleVerifier [0x00007FF770F9BDBB+835995]
	(No symbol) [0x00007FF770E4EB5F]
	(No symbol) [0x00007FF770E4A814]
	(No symbol) [0x00007FF770E4A9AD]
	(No symbol) [0x00007FF770E3A199]
	BaseThreadInitThunk [0x00007FFB033F259D+29]
	RtlUserThreadStart [0x00007FFB042AAF38+40]

Question #: 2, https://www.examtopics.com/discussions/microsoft/view/56934-exam-az-900-topic-1-question-2-discussion/, Error al cargar la página https://www.examtopics.com/discussions/microsoft/view/56934-exam-az-900-topic-1-question-2-discussion/: Message: no such window: target window already closed
from unknown error: web view not found
  (Session info: chrome=131.0.6778.205)
Stacktrace:
	GetHandleVerifier [0x00007FF770ED6CB5+28821]
	(No symbol) [0x00007FF770E43840]
	(No symbol) [0x00007FF770CE578A]
	(No symbol) [0x00007FF770CBF4F5]
	(No symbol) [0x00007FF770D66247]
	(No symbol) [0x00007FF770D7ECE2]
	(No symbol) [0x00007FF770D5F0A3]
	(No symbol) [0x00007FF770D2A778]
	(No symbol) [0x00007FF770D2B8E1]
	GetHandleVerifier [0x00007FF77120FCAD+3408013]
	GetHandleVerifier [0x00007FF77122741F+3504127]
	GetHandleVerifier [0x00007FF77121B5FD+3455453]
	GetHandleVerifier [0x00007FF770F9BDBB+835995]
	(No symbol) [0x00007FF770E4EB5F]
	(No symbol) [0x00007FF770E4A814]
	(No symbol) [0x00007FF770E4A9AD]
	(No symbol) [0x00007FF770E3A199]
	BaseThreadInitThunk [0x00007FFB033F259D+29]
	RtlUserThreadStart [0x00007FFB042AAF38+40]

Question #: 3, https://www.examtopics.com/discussions/microsoft/view/56418-exam-az-900-topic-1-question-3-discussion/, Error al cargar la página https://www.examtopics.com/discussions/microsoft/view/56418-exam-az-900-topic-1-question-3-discussion/: Message: no such window: target window already closed
from unknown error: web view not found
  (Session info: chrome=131.0.6778.205)
Stacktrace:
	GetHandleVerifier [0x00007FF770ED6CB5+28821]
	(No symbol) [0x00007FF770E43840]
	(No symbol) [0x00007FF770CE578A]
	(No symbol) [0x00007FF770CBF4F5]
	(No symbol) [0x00007FF770D66247]
	(No symbol) [0x00007FF770D7ECE2]
	(No symbol) [0x00007FF770D5F0A3]
	(No symbol) [0x00007FF770D2A778]
	(No symbol) [0x00007FF770D2B8E1]
	GetHandleVerifier [0x00007FF77120FCAD+3408013]
	GetHandleVerifier [0x00007FF77122741F+3504127]
	GetHandleVerifier [0x00007FF77121B5FD+3455453]
	GetHandleVerifier [0x00007FF770F9BDBB+835995]
	(No symbol) [0x00007FF770E4EB5F]
	(No symbol) [0x00007FF770E4A814]
	(No symbol) [0x00007FF770E4A9AD]
	(No symbol) [0x00007FF770E3A199]
	BaseThreadInitThunk [0x00007FFB033F259D+29]
	RtlUserThreadStart [0x00007FFB042AAF38+40]

Question #: 4, https://www.examtopics.com/discussions/microsoft/view/56881-exam-az-900-topic-1-question-4-discussion/, Error al cargar la página https://www.examtopics.com/discussions/microsoft/view/56881-exam-az-900-topic-1-question-4-discussion/: Message: no such window: target window already closed
from unknown error: web view not found
  (Session info: chrome=131.0.6778.205)
Stacktrace:
	GetHandleVerifier [0x00007FF770ED6CB5+28821]
	(No symbol) [0x00007FF770E43840]
	(No symbol) [0x00007FF770CE578A]
	(No symbol) [0x00007FF770CBF4F5]
	(No symbol) [0x00007FF770D66247]
	(No symbol) [0x00007FF770D7ECE2]
	(No symbol) [0x00007FF770D5F0A3]
	(No symbol) [0x00007FF770D2A778]
	(No symbol) [0x00007FF770D2B8E1]
	GetHandleVerifier [0x00007FF77120FCAD+3408013]
	GetHandleVerifier [0x00007FF77122741F+3504127]
	GetHandleVerifier [0x00007FF77121B5FD+3455453]
	GetHandleVerifier [0x00007FF770F9BDBB+835995]
	(No symbol) [0x00007FF770E4EB5F]
	(No symbol) [0x00007FF770E4A814]
	(No symbol) [0x00007FF770E4A9AD]
	(No symbol) [0x00007FF770E3A199]
	BaseThreadInitThunk [0x00007FFB033F259D+29]
	RtlUserThreadStart [0x00007FFB042AAF38+40]

Question #: 5, https://www.examtopics.com/discussions/microsoft/view/56882-exam-az-900-topic-1-question-5-discussion/, Error al cargar la página https://www.examtopics.com/discussions/microsoft/view/56882-exam-az-900-topic-1-question-5-discussion/: Message: no such window: target window already closed
from unknown error: web view not found
  (Session info: chrome=131.0.6778.205)
Stacktrace:
	GetHandleVerifier [0x00007FF770ED6CB5+28821]
	(No symbol) [0x00007FF770E43840]
	(No symbol) [0x00007FF770CE578A]
	(No symbol) [0x00007FF770CBF4F5]
	(No symbol) [0x00007FF770D66247]
	(No symbol) [0x00007FF770D7ECE2]
	(No symbol) [0x00007FF770D5F0A3]
	(No symbol) [0x00007FF770D2A778]
	(No symbol) [0x00007FF770D2B8E1]
	GetHandleVerifier [0x00007FF77120FCAD+3408013]
	GetHandleVerifier [0x00007FF77122741F+3504127]
	GetHandleVerifier [0x00007FF77121B5FD+3455453]
	GetHandleVerifier [0x00007FF770F9BDBB+835995]
	(No symbol) [0x00007FF770E4EB5F]
	(No symbol) [0x00007FF770E4A814]
	(No symbol) [0x00007FF770E4A9AD]
	(No symbol) [0x00007FF770E3A199]
	BaseThreadInitThunk [0x00007FFB033F259D+29]
	RtlUserThreadStart [0x00007FFB042AAF38+40]

Question #: 6, https://www.examtopics.com/discussions/microsoft/view/56559-exam-az-900-topic-1-question-6-discussion/, Error al cargar la página https://www.examtopics.com/discussions/microsoft/view/56559-exam-az-900-topic-1-question-6-discussion/: Message: no such window: target window already closed
from unknown error: web view not found
  (Session info: chrome=131.0.6778.205)
Stacktrace:
	GetHandleVerifier [0x00007FF770ED6CB5+28821]
	(No symbol) [0x00007FF770E43840]
	(No symbol) [0x00007FF770CE578A]
	(No symbol) [0x00007FF770CBF4F5]
	(No symbol) [0x00007FF770D66247]
	(No symbol) [0x00007FF770D7ECE2]
	(No symbol) [0x00007FF770D5F0A3]
	(No symbol) [0x00007FF770D2A778]
	(No symbol) [0x00007FF770D2B8E1]
	GetHandleVerifier [0x00007FF77120FCAD+3408013]
	GetHandleVerifier [0x00007FF77122741F+3504127]
	GetHandleVerifier [0x00007FF77121B5FD+3455453]
	GetHandleVerifier [0x00007FF770F9BDBB+835995]
	(No symbol) [0x00007FF770E4EB5F]
	(No symbol) [0x00007FF770E4A814]
	(No symbol) [0x00007FF770E4A9AD]
	(No symbol) [0x00007FF770E3A199]
	BaseThreadInitThunk [0x00007FFB033F259D+29]
	RtlUserThreadStart [0x00007FFB042AAF38+40]

Question #: 7, https://www.examtopics.com/discussions/microsoft/view/56422-exam-az-900-topic-1-question-7-discussion/, Error al cargar la página https://www.examtopics.com/discussions/microsoft/view/56422-exam-az-900-topic-1-question-7-discussion/: Message: no such window: target window already closed
from unknown error: web view not found
  (Session info: chrome=131.0.6778.205)
Stacktrace:
	GetHandleVerifier [0x00007FF770ED6CB5+28821]
	(No symbol) [0x00007FF770E43840]
	(No symbol) [0x00007FF770CE578A]
	(No symbol) [0x00007FF770CBF4F5]
	(No symbol) [0x00007FF770D66247]
	(No symbol) [0x00007FF770D7ECE2]
	(No symbol) [0x00007FF770D5F0A3]
	(No symbol) [0x00007FF770D2A778]
	(No symbol) [0x00007FF770D2B8E1]
	GetHandleVerifier [0x00007FF77120FCAD+3408013]
	GetHandleVerifier [0x00007FF77122741F+3504127]
	GetHandleVerifier [0x00007FF77121B5FD+3455453]
	GetHandleVerifier [0x00007FF770F9BDBB+835995]
	(No symbol) [0x00007FF770E4EB5F]
	(No symbol) [0x00007FF770E4A814]
	(No symbol) [0x00007FF770E4A9AD]
	(No symbol) [0x00007FF770E3A199]
	BaseThreadInitThunk [0x00007FFB033F259D+29]
	RtlUserThreadStart [0x00007FFB042AAF38+40]

Question #: 8, https://www.examtopics.com/discussions/microsoft/view/56761-exam-az-900-topic-1-question-8-discussion/, Error al cargar la página https://www.examtopics.com/discussions/microsoft/view/56761-exam-az-900-topic-1-question-8-discussion/: Message: no such window: target window already closed
from unknown error: web view not found
  (Session info: chrome=131.0.6778.205)
Stacktrace:
	GetHandleVerifier [0x00007FF770ED6CB5+28821]
	(No symbol) [0x00007FF770E43840]
	(No symbol) [0x00007FF770CE578A]
	(No symbol) [0x00007FF770CBF4F5]
	(No symbol) [0x00007FF770D66247]
	(No symbol) [0x00007FF770D7ECE2]
	(No symbol) [0x00007FF770D5F0A3]
	(No symbol) [0x00007FF770D2A778]
	(No symbol) [0x00007FF770D2B8E1]
	GetHandleVerifier [0x00007FF77120FCAD+3408013]
	GetHandleVerifier [0x00007FF77122741F+3504127]
	GetHandleVerifier [0x00007FF77121B5FD+3455453]
	GetHandleVerifier [0x00007FF770F9BDBB+835995]
	(No symbol) [0x00007FF770E4EB5F]
	(No symbol) [0x00007FF770E4A814]
	(No symbol) [0x00007FF770E4A9AD]
	(No symbol) [0x00007FF770E3A199]
	BaseThreadInitThunk [0x00007FFB033F259D+29]
	RtlUserThreadStart [0x00007FFB042AAF38+40]

Question #: 9, https://www.examtopics.com/discussions/microsoft/view/62985-exam-az-900-topic-1-question-9-discussion/, Error al cargar la página https://www.examtopics.com/discussions/microsoft/view/62985-exam-az-900-topic-1-question-9-discussion/: Message: no such window: target window already closed
from unknown error: web view not found
  (Session info: chrome=131.0.6778.205)
Stacktrace:
	GetHandleVerifier [0x00007FF770ED6CB5+28821]
	(No symbol) [0x00007FF770E43840]
	(No symbol) [0x00007FF770CE578A]
	(No symbol) [0x00007FF770CBF4F5]
	(No symbol) [0x00007FF770D66247]
	(No symbol) [0x00007FF770D7ECE2]
	(No symbol) [0x00007FF770D5F0A3]
	(No symbol) [0x00007FF770D2A778]
	(No symbol) [0x00007FF770D2B8E1]
	GetHandleVerifier [0x00007FF77120FCAD+3408013]
	GetHandleVerifier [0x00007FF77122741F+3504127]
	GetHandleVerifier [0x00007FF77121B5FD+3455453]
	GetHandleVerifier [0x00007FF770F9BDBB+835995]
	(No symbol) [0x00007FF770E4EB5F]
	(No symbol) [0x00007FF770E4A814]
	(No symbol) [0x00007FF770E4A9AD]
	(No symbol) [0x00007FF770E3A199]
	BaseThreadInitThunk [0x00007FFB033F259D+29]
	RtlUserThreadStart [0x00007FFB042AAF38+40]

Question #: 10, https://www.examtopics.com/discussions/microsoft/view/56453-exam-az-900-topic-1-question-10-discussion/, Error al cargar la página https://www.examtopics.com/discussions/microsoft/view/56453-exam-az-900-topic-1-question-10-discussion/: Message: no such window: target window already closed
from unknown error: web view not found
  (Session info: chrome=131.0.6778.205)
Stacktrace:
	GetHandleVerifier [0x00007FF770ED6CB5+28821]
	(No symbol) [0x00007FF770E43840]
	(No symbol) [0x00007FF770CE578A]
	(No symbol) [0x00007FF770CBF4F5]
	(No symbol) [0x00007FF770D66247]
	(No symbol) [0x00007FF770D7ECE2]
	(No symbol) [0x00007FF770D5F0A3]
	(No symbol) [0x00007FF770D2A778]
	(No symbol) [0x00007FF770D2B8E1]
	GetHandleVerifier [0x00007FF77120FCAD+3408013]
	GetHandleVerifier [0x00007FF77122741F+3504127]
	GetHandleVerifier [0x00007FF77121B5FD+3455453]
	GetHandleVerifier [0x00007FF770F9BDBB+835995]
	(No symbol) [0x00007FF770E4EB5F]
	(No symbol) [0x00007FF770E4A814]
	(No symbol) [0x00007FF770E4A9AD]
	(No symbol) [0x00007FF770E3A199]
	BaseThreadInitThunk [0x00007FFB033F259D+29]
	RtlUserThreadStart [0x00007FFB042AAF38+40]

Question #: 11, https://www.examtopics.com/discussions/microsoft/view/56624-exam-az-900-topic-1-question-11-discussion/, Error al cargar la página https://www.examtopics.com/discussions/microsoft/view/56624-exam-az-900-topic-1-question-11-discussion/: Message: no such window: target window already closed
from unknown error: web view not found
  (Session info: chrome=131.0.6778.205)
Stacktrace:
	GetHandleVerifier [0x00007FF770ED6CB5+28821]
	(No symbol) [0x00007FF770E43840]
	(No symbol) [0x00007FF770CE578A]
	(No symbol) [0x00007FF770CBF4F5]
	(No symbol) [0x00007FF770D66247]
	(No symbol) [0x00007FF770D7ECE2]
	(No symbol) [0x00007FF770D5F0A3]
	(No symbol) [0x00007FF770D2A778]
	(No symbol) [0x00007FF770D2B8E1]
	GetHandleVerifier [0x00007FF77120FCAD+3408013]
	GetHandleVerifier [0x00007FF77122741F+3504127]
	GetHandleVerifier [0x00007FF77121B5FD+3455453]
	GetHandleVerifier [0x00007FF770F9BDBB+835995]
	(No symbol) [0x00007FF770E4EB5F]
	(No symbol) [0x00007FF770E4A814]
	(No symbol) [0x00007FF770E4A9AD]
	(No symbol) [0x00007FF770E3A199]
	BaseThreadInitThunk [0x00007FFB033F259D+29]
	RtlUserThreadStart [0x00007FFB042AAF38+40]

Question #: 12, https://www.examtopics.com/discussions/microsoft/view/56625-exam-az-900-topic-1-question-12-discussion/, Error al cargar la página https://www.examtopics.com/discussions/microsoft/view/56625-exam-az-900-topic-1-question-12-discussion/: Message: no such window: target window already closed
from unknown error: web view not found
  (Session info: chrome=131.0.6778.205)
Stacktrace:
	GetHandleVerifier [0x00007FF770ED6CB5+28821]
	(No symbol) [0x00007FF770E43840]
	(No symbol) [0x00007FF770CE578A]
	(No symbol) [0x00007FF770CBF4F5]
	(No symbol) [0x00007FF770D66247]
	(No symbol) [0x00007FF770D7ECE2]
	(No symbol) [0x00007FF770D5F0A3]
	(No symbol) [0x00007FF770D2A778]
	(No symbol) [0x00007FF770D2B8E1]
	GetHandleVerifier [0x00007FF77120FCAD+3408013]
	GetHandleVerifier [0x00007FF77122741F+3504127]
	GetHandleVerifier [0x00007FF77121B5FD+3455453]
	GetHandleVerifier [0x00007FF770F9BDBB+835995]
	(No symbol) [0x00007FF770E4EB5F]
	(No symbol) [0x00007FF770E4A814]
	(No symbol) [0x00007FF770E4A9AD]
	(No symbol) [0x00007FF770E3A199]
	BaseThreadInitThunk [0x00007FFB033F259D+29]
	RtlUserThreadStart [0x00007FFB042AAF38+40]

Question #: 13, https://www.examtopics.com/discussions/microsoft/view/56627-exam-az-900-topic-1-question-13-discussion/, Error al cargar la página https://www.examtopics.com/discussions/microsoft/view/56627-exam-az-900-topic-1-question-13-discussion/: Message: no such window: target window already closed
from unknown error: web view not found
  (Session info: chrome=131.0.6778.205)
Stacktrace:
	GetHandleVerifier [0x00007FF770ED6CB5+28821]
	(No symbol) [0x00007FF770E43840]
	(No symbol) [0x00007FF770CE578A]
	(No symbol) [0x00007FF770CBF4F5]
	(No symbol) [0x00007FF770D66247]
	(No symbol) [0x00007FF770D7ECE2]
	(No symbol) [0x00007FF770D5F0A3]
	(No symbol) [0x00007FF770D2A778]
	(No symbol) [0x00007FF770D2B8E1]
	GetHandleVerifier [0x00007FF77120FCAD+3408013]
	GetHandleVerifier [0x00007FF77122741F+3504127]
	GetHandleVerifier [0x00007FF77121B5FD+3455453]
	GetHandleVerifier [0x00007FF770F9BDBB+835995]
	(No symbol) [0x00007FF770E4EB5F]
	(No symbol) [0x00007FF770E4A814]
	(No symbol) [0x00007FF770E4A9AD]
	(No symbol) [0x00007FF770E3A199]
	BaseThreadInitThunk [0x00007FFB033F259D+29]
	RtlUserThreadStart [0x00007FFB042AAF38+40]

Question #: 14, https://www.examtopics.com/discussions/microsoft/view/56918-exam-az-900-topic-1-question-14-discussion/, Error al cargar la página https://www.examtopics.com/discussions/microsoft/view/56918-exam-az-900-topic-1-question-14-discussion/: Message: no such window: target window already closed
from unknown error: web view not found
  (Session info: chrome=131.0.6778.205)
Stacktrace:
	GetHandleVerifier [0x00007FF770ED6CB5+28821]
	(No symbol) [0x00007FF770E43840]
	(No symbol) [0x00007FF770CE578A]
	(No symbol) [0x00007FF770CBF4F5]
	(No symbol) [0x00007FF770D66247]
	(No symbol) [0x00007FF770D7ECE2]
	(No symbol) [0x00007FF770D5F0A3]
	(No symbol) [0x00007FF770D2A778]
	(No symbol) [0x00007FF770D2B8E1]
	GetHandleVerifier [0x00007FF77120FCAD+3408013]
	GetHandleVerifier [0x00007FF77122741F+3504127]
	GetHandleVerifier [0x00007FF77121B5FD+3455453]
	GetHandleVerifier [0x00007FF770F9BDBB+835995]
	(No symbol) [0x00007FF770E4EB5F]
	(No symbol) [0x00007FF770E4A814]
	(No symbol) [0x00007FF770E4A9AD]
	(No symbol) [0x00007FF770E3A199]
	BaseThreadInitThunk [0x00007FFB033F259D+29]
	RtlUserThreadStart [0x00007FFB042AAF38+40]

Question #: 15, https://www.examtopics.com/discussions/microsoft/view/56888-exam-az-900-topic-1-question-15-discussion/, Error al cargar la página https://www.examtopics.com/discussions/microsoft/view/56888-exam-az-900-topic-1-question-15-discussion/: Message: no such window: target window already closed
from unknown error: web view not found
  (Session info: chrome=131.0.6778.205)
Stacktrace:
	GetHandleVerifier [0x00007FF770ED6CB5+28821]
	(No symbol) [0x00007FF770E43840]
	(No symbol) [0x00007FF770CE578A]
	(No symbol) [0x00007FF770CBF4F5]
	(No symbol) [0x00007FF770D66247]
	(No symbol) [0x00007FF770D7ECE2]
	(No symbol) [0x00007FF770D5F0A3]
	(No symbol) [0x00007FF770D2A778]
	(No symbol) [0x00007FF770D2B8E1]
	GetHandleVerifier [0x00007FF77120FCAD+3408013]
	GetHandleVerifier [0x00007FF77122741F+3504127]
	GetHandleVerifier [0x00007FF77121B5FD+3455453]
	GetHandleVerifier [0x00007FF770F9BDBB+835995]
	(No symbol) [0x00007FF770E4EB5F]
	(No symbol) [0x00007FF770E4A814]
	(No symbol) [0x00007FF770E4A9AD]
	(No symbol) [0x00007FF770E3A199]
	BaseThreadInitThunk [0x00007FFB033F259D+29]
	RtlUserThreadStart [0x00007FFB042AAF38+40]

Question #: 16, https://www.examtopics.com/discussions/microsoft/view/56892-exam-az-900-topic-1-question-16-discussion/, Error al cargar la página https://www.examtopics.com/discussions/microsoft/view/56892-exam-az-900-topic-1-question-16-discussion/: Message: no such window: target window already closed
from unknown error: web view not found
  (Session info: chrome=131.0.6778.205)
Stacktrace:
	GetHandleVerifier [0x00007FF770ED6CB5+28821]
	(No symbol) [0x00007FF770E43840]
	(No symbol) [0x00007FF770CE578A]
	(No symbol) [0x00007FF770CBF4F5]
	(No symbol) [0x00007FF770D66247]
	(No symbol) [0x00007FF770D7ECE2]
	(No symbol) [0x00007FF770D5F0A3]
	(No symbol) [0x00007FF770D2A778]
	(No symbol) [0x00007FF770D2B8E1]
	GetHandleVerifier [0x00007FF77120FCAD+3408013]
	GetHandleVerifier [0x00007FF77122741F+3504127]
	GetHandleVerifier [0x00007FF77121B5FD+3455453]
	GetHandleVerifier [0x00007FF770F9BDBB+835995]
	(No symbol) [0x00007FF770E4EB5F]
	(No symbol) [0x00007FF770E4A814]
	(No symbol) [0x00007FF770E4A9AD]
	(No symbol) [0x00007FF770E3A199]
	BaseThreadInitThunk [0x00007FFB033F259D+29]
	RtlUserThreadStart [0x00007FFB042AAF38+40]

Question #: 17, https://www.examtopics.com/discussions/microsoft/view/56306-exam-az-900-topic-1-question-17-discussion/, Error al cargar la página https://www.examtopics.com/discussions/microsoft/view/56306-exam-az-900-topic-1-question-17-discussion/: Message: no such window: target window already closed
from unknown error: web view not found
  (Session info: chrome=131.0.6778.205)
Stacktrace:
	GetHandleVerifier [0x00007FF770ED6CB5+28821]
	(No symbol) [0x00007FF770E43840]
	(No symbol) [0x00007FF770CE578A]
	(No symbol) [0x00007FF770CBF4F5]
	(No symbol) [0x00007FF770D66247]
	(No symbol) [0x00007FF770D7ECE2]
	(No symbol) [0x00007FF770D5F0A3]
	(No symbol) [0x00007FF770D2A778]
	(No symbol) [0x00007FF770D2B8E1]
	GetHandleVerifier [0x00007FF77120FCAD+3408013]
	GetHandleVerifier [0x00007FF77122741F+3504127]
	GetHandleVerifier [0x00007FF77121B5FD+3455453]
	GetHandleVerifier [0x00007FF770F9BDBB+835995]
	(No symbol) [0x00007FF770E4EB5F]
	(No symbol) [0x00007FF770E4A814]
	(No symbol) [0x00007FF770E4A9AD]
	(No symbol) [0x00007FF770E3A199]
	BaseThreadInitThunk [0x00007FFB033F259D+29]
	RtlUserThreadStart [0x00007FFB042AAF38+40]

Question #: 1, https://www.examtopics.com/discussions/microsoft/view/62815-exam-az-900-topic-1-question-1-discussion/, Error al cargar la página https://www.examtopics.com/discussions/microsoft/view/62815-exam-az-900-topic-1-question-1-discussion/: Message: no such window: target window already closed
from unknown error: web view not found
  (Session info: chrome=131.0.6778.205)
Stacktrace:
	GetHandleVerifier [0x00007FF770ED6CB5+28821]
	(No symbol) [0x00007FF770E43840]
	(No symbol) [0x00007FF770CE578A]
	(No symbol) [0x00007FF770CBF4F5]
	(No symbol) [0x00007FF770D66247]
	(No symbol) [0x00007FF770D7ECE2]
	(No symbol) [0x00007FF770D5F0A3]
	(No symbol) [0x00007FF770D2A778]
	(No symbol) [0x00007FF770D2B8E1]
	GetHandleVerifier [0x00007FF77120FCAD+3408013]
	GetHandleVerifier [0x00007FF77122741F+3504127]
	GetHandleVerifier [0x00007FF77121B5FD+3455453]
	GetHandleVerifier [0x00007FF770F9BDBB+835995]
	(No symbol) [0x00007FF770E4EB5F]
	(No symbol) [0x00007FF770E4A814]
	(No symbol) [0x00007FF770E4A9AD]
	(No symbol) [0x00007FF770E3A199]
	BaseThreadInitThunk [0x00007FFB033F259D+29]
	RtlUserThreadStart [0x00007FFB042AAF38+40]

Question #: 2, https://www.examtopics.com/discussions/microsoft/view/56934-exam-az-900-topic-1-question-2-discussion/, Error al cargar la página https://www.examtopics.com/discussions/microsoft/view/56934-exam-az-900-topic-1-question-2-discussion/: Message: no such window: target window already closed
from unknown error: web view not found
  (Session info: chrome=131.0.6778.205)
Stacktrace:
	GetHandleVerifier [0x00007FF770ED6CB5+28821]
	(No symbol) [0x00007FF770E43840]
	(No symbol) [0x00007FF770CE578A]
	(No symbol) [0x00007FF770CBF4F5]
	(No symbol) [0x00007FF770D66247]
	(No symbol) [0x00007FF770D7ECE2]
	(No symbol) [0x00007FF770D5F0A3]
	(No symbol) [0x00007FF770D2A778]
	(No symbol) [0x00007FF770D2B8E1]
	GetHandleVerifier [0x00007FF77120FCAD+3408013]
	GetHandleVerifier [0x00007FF77122741F+3504127]
	GetHandleVerifier [0x00007FF77121B5FD+3455453]
	GetHandleVerifier [0x00007FF770F9BDBB+835995]
	(No symbol) [0x00007FF770E4EB5F]
	(No symbol) [0x00007FF770E4A814]
	(No symbol) [0x00007FF770E4A9AD]
	(No symbol) [0x00007FF770E3A199]
	BaseThreadInitThunk [0x00007FFB033F259D+29]
	RtlUserThreadStart [0x00007FFB042AAF38+40]

Question #: 3, https://www.examtopics.com/discussions/microsoft/view/56418-exam-az-900-topic-1-question-3-discussion/, Error al cargar la página https://www.examtopics.com/discussions/microsoft/view/56418-exam-az-900-topic-1-question-3-discussion/: Message: no such window: target window already closed
from unknown error: web view not found
  (Session info: chrome=131.0.6778.205)
Stacktrace:
	GetHandleVerifier [0x00007FF770ED6CB5+28821]
	(No symbol) [0x00007FF770E43840]
	(No symbol) [0x00007FF770CE578A]
	(No symbol) [0x00007FF770CBF4F5]
	(No symbol) [0x00007FF770D66247]
	(No symbol) [0x00007FF770D7ECE2]
	(No symbol) [0x00007FF770D5F0A3]
	(No symbol) [0x00007FF770D2A778]
	(No symbol) [0x00007FF770D2B8E1]
	GetHandleVerifier [0x00007FF77120FCAD+3408013]
	GetHandleVerifier [0x00007FF77122741F+3504127]
	GetHandleVerifier [0x00007FF77121B5FD+3455453]
	GetHandleVerifier [0x00007FF770F9BDBB+835995]
	(No symbol) [0x00007FF770E4EB5F]
	(No symbol) [0x00007FF770E4A814]
	(No symbol) [0x00007FF770E4A9AD]
	(No symbol) [0x00007FF770E3A199]
	BaseThreadInitThunk [0x00007FFB033F259D+29]
	RtlUserThreadStart [0x00007FFB042AAF38+40]

Question #: 4, https://www.examtopics.com/discussions/microsoft/view/56881-exam-az-900-topic-1-question-4-discussion/, Error al cargar la página https://www.examtopics.com/discussions/microsoft/view/56881-exam-az-900-topic-1-question-4-discussion/: Message: no such window: target window already closed
from unknown error: web view not found
  (Session info: chrome=131.0.6778.205)
Stacktrace:
	GetHandleVerifier [0x00007FF770ED6CB5+28821]
	(No symbol) [0x00007FF770E43840]
	(No symbol) [0x00007FF770CE578A]
	(No symbol) [0x00007FF770CBF4F5]
	(No symbol) [0x00007FF770D66247]
	(No symbol) [0x00007FF770D7ECE2]
	(No symbol) [0x00007FF770D5F0A3]
	(No symbol) [0x00007FF770D2A778]
	(No symbol) [0x00007FF770D2B8E1]
	GetHandleVerifier [0x00007FF77120FCAD+3408013]
	GetHandleVerifier [0x00007FF77122741F+3504127]
	GetHandleVerifier [0x00007FF77121B5FD+3455453]
	GetHandleVerifier [0x00007FF770F9BDBB+835995]
	(No symbol) [0x00007FF770E4EB5F]
	(No symbol) [0x00007FF770E4A814]
	(No symbol) [0x00007FF770E4A9AD]
	(No symbol) [0x00007FF770E3A199]
	BaseThreadInitThunk [0x00007FFB033F259D+29]
	RtlUserThreadStart [0x00007FFB042AAF38+40]

Question #: 5, https://www.examtopics.com/discussions/microsoft/view/56882-exam-az-900-topic-1-question-5-discussion/, Error al cargar la página https://www.examtopics.com/discussions/microsoft/view/56882-exam-az-900-topic-1-question-5-discussion/: Message: no such window: target window already closed
from unknown error: web view not found
  (Session info: chrome=131.0.6778.205)
Stacktrace:
	GetHandleVerifier [0x00007FF770ED6CB5+28821]
	(No symbol) [0x00007FF770E43840]
	(No symbol) [0x00007FF770CE578A]
	(No symbol) [0x00007FF770CBF4F5]
	(No symbol) [0x00007FF770D66247]
	(No symbol) [0x00007FF770D7ECE2]
	(No symbol) [0x00007FF770D5F0A3]
	(No symbol) [0x00007FF770D2A778]
	(No symbol) [0x00007FF770D2B8E1]
	GetHandleVerifier [0x00007FF77120FCAD+3408013]
	GetHandleVerifier [0x00007FF77122741F+3504127]
	GetHandleVerifier [0x00007FF77121B5FD+3455453]
	GetHandleVerifier [0x00007FF770F9BDBB+835995]
	(No symbol) [0x00007FF770E4EB5F]
	(No symbol) [0x00007FF770E4A814]
	(No symbol) [0x00007FF770E4A9AD]
	(No symbol) [0x00007FF770E3A199]
	BaseThreadInitThunk [0x00007FFB033F259D+29]
	RtlUserThreadStart [0x00007FFB042AAF38+40]

Question #: 6, https://www.examtopics.com/discussions/microsoft/view/56559-exam-az-900-topic-1-question-6-discussion/, Error al cargar la página https://www.examtopics.com/discussions/microsoft/view/56559-exam-az-900-topic-1-question-6-discussion/: Message: no such window: target window already closed
from unknown error: web view not found
  (Session info: chrome=131.0.6778.205)
Stacktrace:
	GetHandleVerifier [0x00007FF770ED6CB5+28821]
	(No symbol) [0x00007FF770E43840]
	(No symbol) [0x00007FF770CE578A]
	(No symbol) [0x00007FF770CBF4F5]
	(No symbol) [0x00007FF770D66247]
	(No symbol) [0x00007FF770D7ECE2]
	(No symbol) [0x00007FF770D5F0A3]
	(No symbol) [0x00007FF770D2A778]
	(No symbol) [0x00007FF770D2B8E1]
	GetHandleVerifier [0x00007FF77120FCAD+3408013]
	GetHandleVerifier [0x00007FF77122741F+3504127]
	GetHandleVerifier [0x00007FF77121B5FD+3455453]
	GetHandleVerifier [0x00007FF770F9BDBB+835995]
	(No symbol) [0x00007FF770E4EB5F]
	(No symbol) [0x00007FF770E4A814]
	(No symbol) [0x00007FF770E4A9AD]
	(No symbol) [0x00007FF770E3A199]
	BaseThreadInitThunk [0x00007FFB033F259D+29]
	RtlUserThreadStart [0x00007FFB042AAF38+40]

Question #: 7, https://www.examtopics.com/discussions/microsoft/view/56422-exam-az-900-topic-1-question-7-discussion/, Error al cargar la página https://www.examtopics.com/discussions/microsoft/view/56422-exam-az-900-topic-1-question-7-discussion/: Message: no such window: target window already closed
from unknown error: web view not found
  (Session info: chrome=131.0.6778.205)
Stacktrace:
	GetHandleVerifier [0x00007FF770ED6CB5+28821]
	(No symbol) [0x00007FF770E43840]
	(No symbol) [0x00007FF770CE578A]
	(No symbol) [0x00007FF770CBF4F5]
	(No symbol) [0x00007FF770D66247]
	(No symbol) [0x00007FF770D7ECE2]
	(No symbol) [0x00007FF770D5F0A3]
	(No symbol) [0x00007FF770D2A778]
	(No symbol) [0x00007FF770D2B8E1]
	GetHandleVerifier [0x00007FF77120FCAD+3408013]
	GetHandleVerifier [0x00007FF77122741F+3504127]
	GetHandleVerifier [0x00007FF77121B5FD+3455453]
	GetHandleVerifier [0x00007FF770F9BDBB+835995]
	(No symbol) [0x00007FF770E4EB5F]
	(No symbol) [0x00007FF770E4A814]
	(No symbol) [0x00007FF770E4A9AD]
	(No symbol) [0x00007FF770E3A199]
	BaseThreadInitThunk [0x00007FFB033F259D+29]
	RtlUserThreadStart [0x00007FFB042AAF38+40]

Question #: 8, https://www.examtopics.com/discussions/microsoft/view/56761-exam-az-900-topic-1-question-8-discussion/, Error al cargar la página https://www.examtopics.com/discussions/microsoft/view/56761-exam-az-900-topic-1-question-8-discussion/: Message: no such window: target window already closed
from unknown error: web view not found
  (Session info: chrome=131.0.6778.205)
Stacktrace:
	GetHandleVerifier [0x00007FF770ED6CB5+28821]
	(No symbol) [0x00007FF770E43840]
	(No symbol) [0x00007FF770CE578A]
	(No symbol) [0x00007FF770CBF4F5]
	(No symbol) [0x00007FF770D66247]
	(No symbol) [0x00007FF770D7ECE2]
	(No symbol) [0x00007FF770D5F0A3]
	(No symbol) [0x00007FF770D2A778]
	(No symbol) [0x00007FF770D2B8E1]
	GetHandleVerifier [0x00007FF77120FCAD+3408013]
	GetHandleVerifier [0x00007FF77122741F+3504127]
	GetHandleVerifier [0x00007FF77121B5FD+3455453]
	GetHandleVerifier [0x00007FF770F9BDBB+835995]
	(No symbol) [0x00007FF770E4EB5F]
	(No symbol) [0x00007FF770E4A814]
	(No symbol) [0x00007FF770E4A9AD]
	(No symbol) [0x00007FF770E3A199]
	BaseThreadInitThunk [0x00007FFB033F259D+29]
	RtlUserThreadStart [0x00007FFB042AAF38+40]

Question #: 9, https://www.examtopics.com/discussions/microsoft/view/62985-exam-az-900-topic-1-question-9-discussion/, Error al cargar la página https://www.examtopics.com/discussions/microsoft/view/62985-exam-az-900-topic-1-question-9-discussion/: Message: no such window: target window already closed
from unknown error: web view not found
  (Session info: chrome=131.0.6778.205)
Stacktrace:
	GetHandleVerifier [0x00007FF770ED6CB5+28821]
	(No symbol) [0x00007FF770E43840]
	(No symbol) [0x00007FF770CE578A]
	(No symbol) [0x00007FF770CBF4F5]
	(No symbol) [0x00007FF770D66247]
	(No symbol) [0x00007FF770D7ECE2]
	(No symbol) [0x00007FF770D5F0A3]
	(No symbol) [0x00007FF770D2A778]
	(No symbol) [0x00007FF770D2B8E1]
	GetHandleVerifier [0x00007FF77120FCAD+3408013]
	GetHandleVerifier [0x00007FF77122741F+3504127]
	GetHandleVerifier [0x00007FF77121B5FD+3455453]
	GetHandleVerifier [0x00007FF770F9BDBB+835995]
	(No symbol) [0x00007FF770E4EB5F]
	(No symbol) [0x00007FF770E4A814]
	(No symbol) [0x00007FF770E4A9AD]
	(No symbol) [0x00007FF770E3A199]
	BaseThreadInitThunk [0x00007FFB033F259D+29]
	RtlUserThreadStart [0x00007FFB042AAF38+40]

Question #: 10, https://www.examtopics.com/discussions/microsoft/view/56453-exam-az-900-topic-1-question-10-discussion/, Error al cargar la página https://www.examtopics.com/discussions/microsoft/view/56453-exam-az-900-topic-1-question-10-discussion/: Message: no such window: target window already closed
from unknown error: web view not found
  (Session info: chrome=131.0.6778.205)
Stacktrace:
	GetHandleVerifier [0x00007FF770ED6CB5+28821]
	(No symbol) [0x00007FF770E43840]
	(No symbol) [0x00007FF770CE578A]
	(No symbol) [0x00007FF770CBF4F5]
	(No symbol) [0x00007FF770D66247]
	(No symbol) [0x00007FF770D7ECE2]
	(No symbol) [0x00007FF770D5F0A3]
	(No symbol) [0x00007FF770D2A778]
	(No symbol) [0x00007FF770D2B8E1]
	GetHandleVerifier [0x00007FF77120FCAD+3408013]
	GetHandleVerifier [0x00007FF77122741F+3504127]
	GetHandleVerifier [0x00007FF77121B5FD+3455453]
	GetHandleVerifier [0x00007FF770F9BDBB+835995]
	(No symbol) [0x00007FF770E4EB5F]
	(No symbol) [0x00007FF770E4A814]
	(No symbol) [0x00007FF770E4A9AD]
	(No symbol) [0x00007FF770E3A199]
	BaseThreadInitThunk [0x00007FFB033F259D+29]
	RtlUserThreadStart [0x00007FFB042AAF38+40]

Question #: 11, https://www.examtopics.com/discussions/microsoft/view/56624-exam-az-900-topic-1-question-11-discussion/, Error al cargar la página https://www.examtopics.com/discussions/microsoft/view/56624-exam-az-900-topic-1-question-11-discussion/: Message: no such window: target window already closed
from unknown error: web view not found
  (Session info: chrome=131.0.6778.205)
Stacktrace:
	GetHandleVerifier [0x00007FF770ED6CB5+28821]
	(No symbol) [0x00007FF770E43840]
	(No symbol) [0x00007FF770CE578A]
	(No symbol) [0x00007FF770CBF4F5]
	(No symbol) [0x00007FF770D66247]
	(No symbol) [0x00007FF770D7ECE2]
	(No symbol) [0x00007FF770D5F0A3]
	(No symbol) [0x00007FF770D2A778]
	(No symbol) [0x00007FF770D2B8E1]
	GetHandleVerifier [0x00007FF77120FCAD+3408013]
	GetHandleVerifier [0x00007FF77122741F+3504127]
	GetHandleVerifier [0x00007FF77121B5FD+3455453]
	GetHandleVerifier [0x00007FF770F9BDBB+835995]
	(No symbol) [0x00007FF770E4EB5F]
	(No symbol) [0x00007FF770E4A814]
	(No symbol) [0x00007FF770E4A9AD]
	(No symbol) [0x00007FF770E3A199]
	BaseThreadInitThunk [0x00007FFB033F259D+29]
	RtlUserThreadStart [0x00007FFB042AAF38+40]

Question #: 12, https://www.examtopics.com/discussions/microsoft/view/56625-exam-az-900-topic-1-question-12-discussion/, Error al cargar la página https://www.examtopics.com/discussions/microsoft/view/56625-exam-az-900-topic-1-question-12-discussion/: Message: no such window: target window already closed
from unknown error: web view not found
  (Session info: chrome=131.0.6778.205)
Stacktrace:
	GetHandleVerifier [0x00007FF770ED6CB5+28821]
	(No symbol) [0x00007FF770E43840]
	(No symbol) [0x00007FF770CE578A]
	(No symbol) [0x00007FF770CBF4F5]
	(No symbol) [0x00007FF770D66247]
	(No symbol) [0x00007FF770D7ECE2]
	(No symbol) [0x00007FF770D5F0A3]
	(No symbol) [0x00007FF770D2A778]
	(No symbol) [0x00007FF770D2B8E1]
	GetHandleVerifier [0x00007FF77120FCAD+3408013]
	GetHandleVerifier [0x00007FF77122741F+3504127]
	GetHandleVerifier [0x00007FF77121B5FD+3455453]
	GetHandleVerifier [0x00007FF770F9BDBB+835995]
	(No symbol) [0x00007FF770E4EB5F]
	(No symbol) [0x00007FF770E4A814]
	(No symbol) [0x00007FF770E4A9AD]
	(No symbol) [0x00007FF770E3A199]
	BaseThreadInitThunk [0x00007FFB033F259D+29]
	RtlUserThreadStart [0x00007FFB042AAF38+40]

Question #: 13, https://www.examtopics.com/discussions/microsoft/view/56627-exam-az-900-topic-1-question-13-discussion/, Error al cargar la página https://www.examtopics.com/discussions/microsoft/view/56627-exam-az-900-topic-1-question-13-discussion/: Message: no such window: target window already closed
from unknown error: web view not found
  (Session info: chrome=131.0.6778.205)
Stacktrace:
	GetHandleVerifier [0x00007FF770ED6CB5+28821]
	(No symbol) [0x00007FF770E43840]
	(No symbol) [0x00007FF770CE578A]
	(No symbol) [0x00007FF770CBF4F5]
	(No symbol) [0x00007FF770D66247]
	(No symbol) [0x00007FF770D7ECE2]
	(No symbol) [0x00007FF770D5F0A3]
	(No symbol) [0x00007FF770D2A778]
	(No symbol) [0x00007FF770D2B8E1]
	GetHandleVerifier [0x00007FF77120FCAD+3408013]
	GetHandleVerifier [0x00007FF77122741F+3504127]
	GetHandleVerifier [0x00007FF77121B5FD+3455453]
	GetHandleVerifier [0x00007FF770F9BDBB+835995]
	(No symbol) [0x00007FF770E4EB5F]
	(No symbol) [0x00007FF770E4A814]
	(No symbol) [0x00007FF770E4A9AD]
	(No symbol) [0x00007FF770E3A199]
	BaseThreadInitThunk [0x00007FFB033F259D+29]
	RtlUserThreadStart [0x00007FFB042AAF38+40]

Question #: 14, https://www.examtopics.com/discussions/microsoft/view/56918-exam-az-900-topic-1-question-14-discussion/, Error al cargar la página https://www.examtopics.com/discussions/microsoft/view/56918-exam-az-900-topic-1-question-14-discussion/: Message: no such window: target window already closed
from unknown error: web view not found
  (Session info: chrome=131.0.6778.205)
Stacktrace:
	GetHandleVerifier [0x00007FF770ED6CB5+28821]
	(No symbol) [0x00007FF770E43840]
	(No symbol) [0x00007FF770CE578A]
	(No symbol) [0x00007FF770CBF4F5]
	(No symbol) [0x00007FF770D66247]
	(No symbol) [0x00007FF770D7ECE2]
	(No symbol) [0x00007FF770D5F0A3]
	(No symbol) [0x00007FF770D2A778]
	(No symbol) [0x00007FF770D2B8E1]
	GetHandleVerifier [0x00007FF77120FCAD+3408013]
	GetHandleVerifier [0x00007FF77122741F+3504127]
	GetHandleVerifier [0x00007FF77121B5FD+3455453]
	GetHandleVerifier [0x00007FF770F9BDBB+835995]
	(No symbol) [0x00007FF770E4EB5F]
	(No symbol) [0x00007FF770E4A814]
	(No symbol) [0x00007FF770E4A9AD]
	(No symbol) [0x00007FF770E3A199]
	BaseThreadInitThunk [0x00007FFB033F259D+29]
	RtlUserThreadStart [0x00007FFB042AAF38+40]

Question #: 15, https://www.examtopics.com/discussions/microsoft/view/56888-exam-az-900-topic-1-question-15-discussion/, Error al cargar la página https://www.examtopics.com/discussions/microsoft/view/56888-exam-az-900-topic-1-question-15-discussion/: Message: no such window: target window already closed
from unknown error: web view not found
  (Session info: chrome=131.0.6778.205)
Stacktrace:
	GetHandleVerifier [0x00007FF770ED6CB5+28821]
	(No symbol) [0x00007FF770E43840]
	(No symbol) [0x00007FF770CE578A]
	(No symbol) [0x00007FF770CBF4F5]
	(No symbol) [0x00007FF770D66247]
	(No symbol) [0x00007FF770D7ECE2]
	(No symbol) [0x00007FF770D5F0A3]
	(No symbol) [0x00007FF770D2A778]
	(No symbol) [0x00007FF770D2B8E1]
	GetHandleVerifier [0x00007FF77120FCAD+3408013]
	GetHandleVerifier [0x00007FF77122741F+3504127]
	GetHandleVerifier [0x00007FF77121B5FD+3455453]
	GetHandleVerifier [0x00007FF770F9BDBB+835995]
	(No symbol) [0x00007FF770E4EB5F]
	(No symbol) [0x00007FF770E4A814]
	(No symbol) [0x00007FF770E4A9AD]
	(No symbol) [0x00007FF770E3A199]
	BaseThreadInitThunk [0x00007FFB033F259D+29]
	RtlUserThreadStart [0x00007FFB042AAF38+40]

Question #: 16, https://www.examtopics.com/discussions/microsoft/view/56892-exam-az-900-topic-1-question-16-discussion/, Error al cargar la página https://www.examtopics.com/discussions/microsoft/view/56892-exam-az-900-topic-1-question-16-discussion/: Message: no such window: target window already closed
from unknown error: web view not found
  (Session info: chrome=131.0.6778.205)
Stacktrace:
	GetHandleVerifier [0x00007FF770ED6CB5+28821]
	(No symbol) [0x00007FF770E43840]
	(No symbol) [0x00007FF770CE578A]
	(No symbol) [0x00007FF770CBF4F5]
	(No symbol) [0x00007FF770D66247]
	(No symbol) [0x00007FF770D7ECE2]
	(No symbol) [0x00007FF770D5F0A3]
	(No symbol) [0x00007FF770D2A778]
	(No symbol) [0x00007FF770D2B8E1]
	GetHandleVerifier [0x00007FF77120FCAD+3408013]
	GetHandleVerifier [0x00007FF77122741F+3504127]
	GetHandleVerifier [0x00007FF77121B5FD+3455453]
	GetHandleVerifier [0x00007FF770F9BDBB+835995]
	(No symbol) [0x00007FF770E4EB5F]
	(No symbol) [0x00007FF770E4A814]
	(No symbol) [0x00007FF770E4A9AD]
	(No symbol) [0x00007FF770E3A199]
	BaseThreadInitThunk [0x00007FFB033F259D+29]
	RtlUserThreadStart [0x00007FFB042AAF38+40]

Question #: 17, https://www.examtopics.com/discussions/microsoft/view/56306-exam-az-900-topic-1-question-17-discussion/, Error al cargar la página https://www.examtopics.com/discussions/microsoft/view/56306-exam-az-900-topic-1-question-17-discussion/: Message: no such window: target window already closed
from unknown error: web view not found
  (Session info: chrome=131.0.6778.205)
Stacktrace:
	GetHandleVerifier [0x00007FF770ED6CB5+28821]
	(No symbol) [0x00007FF770E43840]
	(No symbol) [0x00007FF770CE578A]
	(No symbol) [0x00007FF770CBF4F5]
	(No symbol) [0x00007FF770D66247]
	(No symbol) [0x00007FF770D7ECE2]
	(No symbol) [0x00007FF770D5F0A3]
	(No symbol) [0x00007FF770D2A778]
	(No symbol) [0x00007FF770D2B8E1]
	GetHandleVerifier [0x00007FF77120FCAD+3408013]
	GetHandleVerifier [0x00007FF77122741F+3504127]
	GetHandleVerifier [0x00007FF77121B5FD+3455453]
	GetHandleVerifier [0x00007FF770F9BDBB+835995]
	(No symbol) [0x00007FF770E4EB5F]
	(No symbol) [0x00007FF770E4A814]
	(No symbol) [0x00007FF770E4A9AD]
	(No symbol) [0x00007FF770E3A199]
	BaseThreadInitThunk [0x00007FFB033F259D+29]
	RtlUserThreadStart [0x00007FFB042AAF38+40]

Question #: 1, https://www.examtopics.com/discussions/microsoft/view/62815-exam-az-900-topic-1-question-1-discussion/, Error al cargar la página https://www.examtopics.com/discussions/microsoft/view/62815-exam-az-900-topic-1-question-1-discussion/: Message: no such window: target window already closed
from unknown error: web view not found
  (Session info: chrome=131.0.6778.205)
Stacktrace:
	GetHandleVerifier [0x00007FF770ED6CB5+28821]
	(No symbol) [0x00007FF770E43840]
	(No symbol) [0x00007FF770CE578A]
	(No symbol) [0x00007FF770CBF4F5]
	(No symbol) [0x00007FF770D66247]
	(No symbol) [0x00007FF770D7ECE2]
	(No symbol) [0x00007FF770D5F0A3]
	(No symbol) [0x00007FF770D2A778]
	(No symbol) [0x00007FF770D2B8E1]
	GetHandleVerifier [0x00007FF77120FCAD+3408013]
	GetHandleVerifier [0x00007FF77122741F+3504127]
	GetHandleVerifier [0x00007FF77121B5FD+3455453]
	GetHandleVerifier [0x00007FF770F9BDBB+835995]
	(No symbol) [0x00007FF770E4EB5F]
	(No symbol) [0x00007FF770E4A814]
	(No symbol) [0x00007FF770E4A9AD]
	(No symbol) [0x00007FF770E3A199]
	BaseThreadInitThunk [0x00007FFB033F259D+29]
	RtlUserThreadStart [0x00007FFB042AAF38+40]

Question #: 2, https://www.examtopics.com/discussions/microsoft/view/56934-exam-az-900-topic-1-question-2-discussion/, Error al cargar la página https://www.examtopics.com/discussions/microsoft/view/56934-exam-az-900-topic-1-question-2-discussion/: Message: no such window: target window already closed
from unknown error: web view not found
  (Session info: chrome=131.0.6778.205)
Stacktrace:
	GetHandleVerifier [0x00007FF770ED6CB5+28821]
	(No symbol) [0x00007FF770E43840]
	(No symbol) [0x00007FF770CE578A]
	(No symbol) [0x00007FF770CBF4F5]
	(No symbol) [0x00007FF770D66247]
	(No symbol) [0x00007FF770D7ECE2]
	(No symbol) [0x00007FF770D5F0A3]
	(No symbol) [0x00007FF770D2A778]
	(No symbol) [0x00007FF770D2B8E1]
	GetHandleVerifier [0x00007FF77120FCAD+3408013]
	GetHandleVerifier [0x00007FF77122741F+3504127]
	GetHandleVerifier [0x00007FF77121B5FD+3455453]
	GetHandleVerifier [0x00007FF770F9BDBB+835995]
	(No symbol) [0x00007FF770E4EB5F]
	(No symbol) [0x00007FF770E4A814]
	(No symbol) [0x00007FF770E4A9AD]
	(No symbol) [0x00007FF770E3A199]
	BaseThreadInitThunk [0x00007FFB033F259D+29]
	RtlUserThreadStart [0x00007FFB042AAF38+40]

Question #: 3, https://www.examtopics.com/discussions/microsoft/view/56418-exam-az-900-topic-1-question-3-discussion/, Error al cargar la página https://www.examtopics.com/discussions/microsoft/view/56418-exam-az-900-topic-1-question-3-discussion/: Message: no such window: target window already closed
from unknown error: web view not found
  (Session info: chrome=131.0.6778.205)
Stacktrace:
	GetHandleVerifier [0x00007FF770ED6CB5+28821]
	(No symbol) [0x00007FF770E43840]
	(No symbol) [0x00007FF770CE578A]
	(No symbol) [0x00007FF770CBF4F5]
	(No symbol) [0x00007FF770D66247]
	(No symbol) [0x00007FF770D7ECE2]
	(No symbol) [0x00007FF770D5F0A3]
	(No symbol) [0x00007FF770D2A778]
	(No symbol) [0x00007FF770D2B8E1]
	GetHandleVerifier [0x00007FF77120FCAD+3408013]
	GetHandleVerifier [0x00007FF77122741F+3504127]
	GetHandleVerifier [0x00007FF77121B5FD+3455453]
	GetHandleVerifier [0x00007FF770F9BDBB+835995]
	(No symbol) [0x00007FF770E4EB5F]
	(No symbol) [0x00007FF770E4A814]
	(No symbol) [0x00007FF770E4A9AD]
	(No symbol) [0x00007FF770E3A199]
	BaseThreadInitThunk [0x00007FFB033F259D+29]
	RtlUserThreadStart [0x00007FFB042AAF38+40]

Question #: 4, https://www.examtopics.com/discussions/microsoft/view/56881-exam-az-900-topic-1-question-4-discussion/, Error al cargar la página https://www.examtopics.com/discussions/microsoft/view/56881-exam-az-900-topic-1-question-4-discussion/: Message: no such window: target window already closed
from unknown error: web view not found
  (Session info: chrome=131.0.6778.205)
Stacktrace:
	GetHandleVerifier [0x00007FF770ED6CB5+28821]
	(No symbol) [0x00007FF770E43840]
	(No symbol) [0x00007FF770CE578A]
	(No symbol) [0x00007FF770CBF4F5]
	(No symbol) [0x00007FF770D66247]
	(No symbol) [0x00007FF770D7ECE2]
	(No symbol) [0x00007FF770D5F0A3]
	(No symbol) [0x00007FF770D2A778]
	(No symbol) [0x00007FF770D2B8E1]
	GetHandleVerifier [0x00007FF77120FCAD+3408013]
	GetHandleVerifier [0x00007FF77122741F+3504127]
	GetHandleVerifier [0x00007FF77121B5FD+3455453]
	GetHandleVerifier [0x00007FF770F9BDBB+835995]
	(No symbol) [0x00007FF770E4EB5F]
	(No symbol) [0x00007FF770E4A814]
	(No symbol) [0x00007FF770E4A9AD]
	(No symbol) [0x00007FF770E3A199]
	BaseThreadInitThunk [0x00007FFB033F259D+29]
	RtlUserThreadStart [0x00007FFB042AAF38+40]

Question #: 5, https://www.examtopics.com/discussions/microsoft/view/56882-exam-az-900-topic-1-question-5-discussion/, Error al cargar la página https://www.examtopics.com/discussions/microsoft/view/56882-exam-az-900-topic-1-question-5-discussion/: Message: no such window: target window already closed
from unknown error: web view not found
  (Session info: chrome=131.0.6778.205)
Stacktrace:
	GetHandleVerifier [0x00007FF770ED6CB5+28821]
	(No symbol) [0x00007FF770E43840]
	(No symbol) [0x00007FF770CE578A]
	(No symbol) [0x00007FF770CBF4F5]
	(No symbol) [0x00007FF770D66247]
	(No symbol) [0x00007FF770D7ECE2]
	(No symbol) [0x00007FF770D5F0A3]
	(No symbol) [0x00007FF770D2A778]
	(No symbol) [0x00007FF770D2B8E1]
	GetHandleVerifier [0x00007FF77120FCAD+3408013]
	GetHandleVerifier [0x00007FF77122741F+3504127]
	GetHandleVerifier [0x00007FF77121B5FD+3455453]
	GetHandleVerifier [0x00007FF770F9BDBB+835995]
	(No symbol) [0x00007FF770E4EB5F]
	(No symbol) [0x00007FF770E4A814]
	(No symbol) [0x00007FF770E4A9AD]
	(No symbol) [0x00007FF770E3A199]
	BaseThreadInitThunk [0x00007FFB033F259D+29]
	RtlUserThreadStart [0x00007FFB042AAF38+40]

Question #: 6, https://www.examtopics.com/discussions/microsoft/view/56559-exam-az-900-topic-1-question-6-discussion/, Error al cargar la página https://www.examtopics.com/discussions/microsoft/view/56559-exam-az-900-topic-1-question-6-discussion/: Message: no such window: target window already closed
from unknown error: web view not found
  (Session info: chrome=131.0.6778.205)
Stacktrace:
	GetHandleVerifier [0x00007FF770ED6CB5+28821]
	(No symbol) [0x00007FF770E43840]
	(No symbol) [0x00007FF770CE578A]
	(No symbol) [0x00007FF770CBF4F5]
	(No symbol) [0x00007FF770D66247]
	(No symbol) [0x00007FF770D7ECE2]
	(No symbol) [0x00007FF770D5F0A3]
	(No symbol) [0x00007FF770D2A778]
	(No symbol) [0x00007FF770D2B8E1]
	GetHandleVerifier [0x00007FF77120FCAD+3408013]
	GetHandleVerifier [0x00007FF77122741F+3504127]
	GetHandleVerifier [0x00007FF77121B5FD+3455453]
	GetHandleVerifier [0x00007FF770F9BDBB+835995]
	(No symbol) [0x00007FF770E4EB5F]
	(No symbol) [0x00007FF770E4A814]
	(No symbol) [0x00007FF770E4A9AD]
	(No symbol) [0x00007FF770E3A199]
	BaseThreadInitThunk [0x00007FFB033F259D+29]
	RtlUserThreadStart [0x00007FFB042AAF38+40]

Question #: 7, https://www.examtopics.com/discussions/microsoft/view/56422-exam-az-900-topic-1-question-7-discussion/, Error al cargar la página https://www.examtopics.com/discussions/microsoft/view/56422-exam-az-900-topic-1-question-7-discussion/: Message: no such window: target window already closed
from unknown error: web view not found
  (Session info: chrome=131.0.6778.205)
Stacktrace:
	GetHandleVerifier [0x00007FF770ED6CB5+28821]
	(No symbol) [0x00007FF770E43840]
	(No symbol) [0x00007FF770CE578A]
	(No symbol) [0x00007FF770CBF4F5]
	(No symbol) [0x00007FF770D66247]
	(No symbol) [0x00007FF770D7ECE2]
	(No symbol) [0x00007FF770D5F0A3]
	(No symbol) [0x00007FF770D2A778]
	(No symbol) [0x00007FF770D2B8E1]
	GetHandleVerifier [0x00007FF77120FCAD+3408013]
	GetHandleVerifier [0x00007FF77122741F+3504127]
	GetHandleVerifier [0x00007FF77121B5FD+3455453]
	GetHandleVerifier [0x00007FF770F9BDBB+835995]
	(No symbol) [0x00007FF770E4EB5F]
	(No symbol) [0x00007FF770E4A814]
	(No symbol) [0x00007FF770E4A9AD]
	(No symbol) [0x00007FF770E3A199]
	BaseThreadInitThunk [0x00007FFB033F259D+29]
	RtlUserThreadStart [0x00007FFB042AAF38+40]

Question #: 8, https://www.examtopics.com/discussions/microsoft/view/56761-exam-az-900-topic-1-question-8-discussion/, Error al cargar la página https://www.examtopics.com/discussions/microsoft/view/56761-exam-az-900-topic-1-question-8-discussion/: Message: no such window: target window already closed
from unknown error: web view not found
  (Session info: chrome=131.0.6778.205)
Stacktrace:
	GetHandleVerifier [0x00007FF770ED6CB5+28821]
	(No symbol) [0x00007FF770E43840]
	(No symbol) [0x00007FF770CE578A]
	(No symbol) [0x00007FF770CBF4F5]
	(No symbol) [0x00007FF770D66247]
	(No symbol) [0x00007FF770D7ECE2]
	(No symbol) [0x00007FF770D5F0A3]
	(No symbol) [0x00007FF770D2A778]
	(No symbol) [0x00007FF770D2B8E1]
	GetHandleVerifier [0x00007FF77120FCAD+3408013]
	GetHandleVerifier [0x00007FF77122741F+3504127]
	GetHandleVerifier [0x00007FF77121B5FD+3455453]
	GetHandleVerifier [0x00007FF770F9BDBB+835995]
	(No symbol) [0x00007FF770E4EB5F]
	(No symbol) [0x00007FF770E4A814]
	(No symbol) [0x00007FF770E4A9AD]
	(No symbol) [0x00007FF770E3A199]
	BaseThreadInitThunk [0x00007FFB033F259D+29]
	RtlUserThreadStart [0x00007FFB042AAF38+40]

Question #: 9, https://www.examtopics.com/discussions/microsoft/view/62985-exam-az-900-topic-1-question-9-discussion/, Error al cargar la página https://www.examtopics.com/discussions/microsoft/view/62985-exam-az-900-topic-1-question-9-discussion/: Message: no such window: target window already closed
from unknown error: web view not found
  (Session info: chrome=131.0.6778.205)
Stacktrace:
	GetHandleVerifier [0x00007FF770ED6CB5+28821]
	(No symbol) [0x00007FF770E43840]
	(No symbol) [0x00007FF770CE578A]
	(No symbol) [0x00007FF770CBF4F5]
	(No symbol) [0x00007FF770D66247]
	(No symbol) [0x00007FF770D7ECE2]
	(No symbol) [0x00007FF770D5F0A3]
	(No symbol) [0x00007FF770D2A778]
	(No symbol) [0x00007FF770D2B8E1]
	GetHandleVerifier [0x00007FF77120FCAD+3408013]
	GetHandleVerifier [0x00007FF77122741F+3504127]
	GetHandleVerifier [0x00007FF77121B5FD+3455453]
	GetHandleVerifier [0x00007FF770F9BDBB+835995]
	(No symbol) [0x00007FF770E4EB5F]
	(No symbol) [0x00007FF770E4A814]
	(No symbol) [0x00007FF770E4A9AD]
	(No symbol) [0x00007FF770E3A199]
	BaseThreadInitThunk [0x00007FFB033F259D+29]
	RtlUserThreadStart [0x00007FFB042AAF38+40]

Question #: 10, https://www.examtopics.com/discussions/microsoft/view/56453-exam-az-900-topic-1-question-10-discussion/, Error al cargar la página https://www.examtopics.com/discussions/microsoft/view/56453-exam-az-900-topic-1-question-10-discussion/: Message: no such window: target window already closed
from unknown error: web view not found
  (Session info: chrome=131.0.6778.205)
Stacktrace:
	GetHandleVerifier [0x00007FF770ED6CB5+28821]
	(No symbol) [0x00007FF770E43840]
	(No symbol) [0x00007FF770CE578A]
	(No symbol) [0x00007FF770CBF4F5]
	(No symbol) [0x00007FF770D66247]
	(No symbol) [0x00007FF770D7ECE2]
	(No symbol) [0x00007FF770D5F0A3]
	(No symbol) [0x00007FF770D2A778]
	(No symbol) [0x00007FF770D2B8E1]
	GetHandleVerifier [0x00007FF77120FCAD+3408013]
	GetHandleVerifier [0x00007FF77122741F+3504127]
	GetHandleVerifier [0x00007FF77121B5FD+3455453]
	GetHandleVerifier [0x00007FF770F9BDBB+835995]
	(No symbol) [0x00007FF770E4EB5F]
	(No symbol) [0x00007FF770E4A814]
	(No symbol) [0x00007FF770E4A9AD]
	(No symbol) [0x00007FF770E3A199]
	BaseThreadInitThunk [0x00007FFB033F259D+29]
	RtlUserThreadStart [0x00007FFB042AAF38+40]

Question #: 11, https://www.examtopics.com/discussions/microsoft/view/56624-exam-az-900-topic-1-question-11-discussion/, Error al cargar la página https://www.examtopics.com/discussions/microsoft/view/56624-exam-az-900-topic-1-question-11-discussion/: Message: no such window: target window already closed
from unknown error: web view not found
  (Session info: chrome=131.0.6778.205)
Stacktrace:
	GetHandleVerifier [0x00007FF770ED6CB5+28821]
	(No symbol) [0x00007FF770E43840]
	(No symbol) [0x00007FF770CE578A]
	(No symbol) [0x00007FF770CBF4F5]
	(No symbol) [0x00007FF770D66247]
	(No symbol) [0x00007FF770D7ECE2]
	(No symbol) [0x00007FF770D5F0A3]
	(No symbol) [0x00007FF770D2A778]
	(No symbol) [0x00007FF770D2B8E1]
	GetHandleVerifier [0x00007FF77120FCAD+3408013]
	GetHandleVerifier [0x00007FF77122741F+3504127]
	GetHandleVerifier [0x00007FF77121B5FD+3455453]
	GetHandleVerifier [0x00007FF770F9BDBB+835995]
	(No symbol) [0x00007FF770E4EB5F]
	(No symbol) [0x00007FF770E4A814]
	(No symbol) [0x00007FF770E4A9AD]
	(No symbol) [0x00007FF770E3A199]
	BaseThreadInitThunk [0x00007FFB033F259D+29]
	RtlUserThreadStart [0x00007FFB042AAF38+40]

Question #: 12, https://www.examtopics.com/discussions/microsoft/view/56625-exam-az-900-topic-1-question-12-discussion/, Error al cargar la página https://www.examtopics.com/discussions/microsoft/view/56625-exam-az-900-topic-1-question-12-discussion/: Message: no such window: target window already closed
from unknown error: web view not found
  (Session info: chrome=131.0.6778.205)
Stacktrace:
	GetHandleVerifier [0x00007FF770ED6CB5+28821]
	(No symbol) [0x00007FF770E43840]
	(No symbol) [0x00007FF770CE578A]
	(No symbol) [0x00007FF770CBF4F5]
	(No symbol) [0x00007FF770D66247]
	(No symbol) [0x00007FF770D7ECE2]
	(No symbol) [0x00007FF770D5F0A3]
	(No symbol) [0x00007FF770D2A778]
	(No symbol) [0x00007FF770D2B8E1]
	GetHandleVerifier [0x00007FF77120FCAD+3408013]
	GetHandleVerifier [0x00007FF77122741F+3504127]
	GetHandleVerifier [0x00007FF77121B5FD+3455453]
	GetHandleVerifier [0x00007FF770F9BDBB+835995]
	(No symbol) [0x00007FF770E4EB5F]
	(No symbol) [0x00007FF770E4A814]
	(No symbol) [0x00007FF770E4A9AD]
	(No symbol) [0x00007FF770E3A199]
	BaseThreadInitThunk [0x00007FFB033F259D+29]
	RtlUserThreadStart [0x00007FFB042AAF38+40]

Question #: 13, https://www.examtopics.com/discussions/microsoft/view/56627-exam-az-900-topic-1-question-13-discussion/, Error al cargar la página https://www.examtopics.com/discussions/microsoft/view/56627-exam-az-900-topic-1-question-13-discussion/: Message: no such window: target window already closed
from unknown error: web view not found
  (Session info: chrome=131.0.6778.205)
Stacktrace:
	GetHandleVerifier [0x00007FF770ED6CB5+28821]
	(No symbol) [0x00007FF770E43840]
	(No symbol) [0x00007FF770CE578A]
	(No symbol) [0x00007FF770CBF4F5]
	(No symbol) [0x00007FF770D66247]
	(No symbol) [0x00007FF770D7ECE2]
	(No symbol) [0x00007FF770D5F0A3]
	(No symbol) [0x00007FF770D2A778]
	(No symbol) [0x00007FF770D2B8E1]
	GetHandleVerifier [0x00007FF77120FCAD+3408013]
	GetHandleVerifier [0x00007FF77122741F+3504127]
	GetHandleVerifier [0x00007FF77121B5FD+3455453]
	GetHandleVerifier [0x00007FF770F9BDBB+835995]
	(No symbol) [0x00007FF770E4EB5F]
	(No symbol) [0x00007FF770E4A814]
	(No symbol) [0x00007FF770E4A9AD]
	(No symbol) [0x00007FF770E3A199]
	BaseThreadInitThunk [0x00007FFB033F259D+29]
	RtlUserThreadStart [0x00007FFB042AAF38+40]

Question #: 14, https://www.examtopics.com/discussions/microsoft/view/56918-exam-az-900-topic-1-question-14-discussion/, Error al cargar la página https://www.examtopics.com/discussions/microsoft/view/56918-exam-az-900-topic-1-question-14-discussion/: Message: no such window: target window already closed
from unknown error: web view not found
  (Session info: chrome=131.0.6778.205)
Stacktrace:
	GetHandleVerifier [0x00007FF770ED6CB5+28821]
	(No symbol) [0x00007FF770E43840]
	(No symbol) [0x00007FF770CE578A]
	(No symbol) [0x00007FF770CBF4F5]
	(No symbol) [0x00007FF770D66247]
	(No symbol) [0x00007FF770D7ECE2]
	(No symbol) [0x00007FF770D5F0A3]
	(No symbol) [0x00007FF770D2A778]
	(No symbol) [0x00007FF770D2B8E1]
	GetHandleVerifier [0x00007FF77120FCAD+3408013]
	GetHandleVerifier [0x00007FF77122741F+3504127]
	GetHandleVerifier [0x00007FF77121B5FD+3455453]
	GetHandleVerifier [0x00007FF770F9BDBB+835995]
	(No symbol) [0x00007FF770E4EB5F]
	(No symbol) [0x00007FF770E4A814]
	(No symbol) [0x00007FF770E4A9AD]
	(No symbol) [0x00007FF770E3A199]
	BaseThreadInitThunk [0x00007FFB033F259D+29]
	RtlUserThreadStart [0x00007FFB042AAF38+40]

Question #: 15, https://www.examtopics.com/discussions/microsoft/view/56888-exam-az-900-topic-1-question-15-discussion/, Error al cargar la página https://www.examtopics.com/discussions/microsoft/view/56888-exam-az-900-topic-1-question-15-discussion/: Message: no such window: target window already closed
from unknown error: web view not found
  (Session info: chrome=131.0.6778.205)
Stacktrace:
	GetHandleVerifier [0x00007FF770ED6CB5+28821]
	(No symbol) [0x00007FF770E43840]
	(No symbol) [0x00007FF770CE578A]
	(No symbol) [0x00007FF770CBF4F5]
	(No symbol) [0x00007FF770D66247]
	(No symbol) [0x00007FF770D7ECE2]
	(No symbol) [0x00007FF770D5F0A3]
	(No symbol) [0x00007FF770D2A778]
	(No symbol) [0x00007FF770D2B8E1]
	GetHandleVerifier [0x00007FF77120FCAD+3408013]
	GetHandleVerifier [0x00007FF77122741F+3504127]
	GetHandleVerifier [0x00007FF77121B5FD+3455453]
	GetHandleVerifier [0x00007FF770F9BDBB+835995]
	(No symbol) [0x00007FF770E4EB5F]
	(No symbol) [0x00007FF770E4A814]
	(No symbol) [0x00007FF770E4A9AD]
	(No symbol) [0x00007FF770E3A199]
	BaseThreadInitThunk [0x00007FFB033F259D+29]
	RtlUserThreadStart [0x00007FFB042AAF38+40]

Question #: 16, https://www.examtopics.com/discussions/microsoft/view/56892-exam-az-900-topic-1-question-16-discussion/, Error al cargar la página https://www.examtopics.com/discussions/microsoft/view/56892-exam-az-900-topic-1-question-16-discussion/: Message: no such window: target window already closed
from unknown error: web view not found
  (Session info: chrome=131.0.6778.205)
Stacktrace:
	GetHandleVerifier [0x00007FF770ED6CB5+28821]
	(No symbol) [0x00007FF770E43840]
	(No symbol) [0x00007FF770CE578A]
	(No symbol) [0x00007FF770CBF4F5]
	(No symbol) [0x00007FF770D66247]
	(No symbol) [0x00007FF770D7ECE2]
	(No symbol) [0x00007FF770D5F0A3]
	(No symbol) [0x00007FF770D2A778]
	(No symbol) [0x00007FF770D2B8E1]
	GetHandleVerifier [0x00007FF77120FCAD+3408013]
	GetHandleVerifier [0x00007FF77122741F+3504127]
	GetHandleVerifier [0x00007FF77121B5FD+3455453]
	GetHandleVerifier [0x00007FF770F9BDBB+835995]
	(No symbol) [0x00007FF770E4EB5F]
	(No symbol) [0x00007FF770E4A814]
	(No symbol) [0x00007FF770E4A9AD]
	(No symbol) [0x00007FF770E3A199]
	BaseThreadInitThunk [0x00007FFB033F259D+29]
	RtlUserThreadStart [0x00007FFB042AAF38+40]

Question #: 17, https://www.examtopics.com/discussions/microsoft/view/56306-exam-az-900-topic-1-question-17-discussion/, Error al cargar la página https://www.examtopics.com/discussions/microsoft/view/56306-exam-az-900-topic-1-question-17-discussion/: Message: no such window: target window already closed
from unknown error: web view not found
  (Session info: chrome=131.0.6778.205)
Stacktrace:
	GetHandleVerifier [0x00007FF770ED6CB5+28821]
	(No symbol) [0x00007FF770E43840]
	(No symbol) [0x00007FF770CE578A]
	(No symbol) [0x00007FF770CBF4F5]
	(No symbol) [0x00007FF770D66247]
	(No symbol) [0x00007FF770D7ECE2]
	(No symbol) [0x00007FF770D5F0A3]
	(No symbol) [0x00007FF770D2A778]
	(No symbol) [0x00007FF770D2B8E1]
	GetHandleVerifier [0x00007FF77120FCAD+3408013]
	GetHandleVerifier [0x00007FF77122741F+3504127]
	GetHandleVerifier [0x00007FF77121B5FD+3455453]
	GetHandleVerifier [0x00007FF770F9BDBB+835995]
	(No symbol) [0x00007FF770E4EB5F]
	(No symbol) [0x00007FF770E4A814]
	(No symbol) [0x00007FF770E4A9AD]
	(No symbol) [0x00007FF770E3A199]
	BaseThreadInitThunk [0x00007FFB033F259D+29]
	RtlUserThreadStart [0x00007FFB042AAF38+40]

Question #: 18, https://www.examtopics.com/discussions/microsoft/view/56893-exam-az-900-topic-1-question-18-discussion/, Error al cargar la página https://www.examtopics.com/discussions/microsoft/view/56893-exam-az-900-topic-1-question-18-discussion/: Message: no such window: target window already closed
from unknown error: web view not found
  (Session info: chrome=131.0.6778.205)
Stacktrace:
	GetHandleVerifier [0x00007FF770ED6CB5+28821]
	(No symbol) [0x00007FF770E43840]
	(No symbol) [0x00007FF770CE578A]
	(No symbol) [0x00007FF770CBF4F5]
	(No symbol) [0x00007FF770D66247]
	(No symbol) [0x00007FF770D7ECE2]
	(No symbol) [0x00007FF770D5F0A3]
	(No symbol) [0x00007FF770D2A778]
	(No symbol) [0x00007FF770D2B8E1]
	GetHandleVerifier [0x00007FF77120FCAD+3408013]
	GetHandleVerifier [0x00007FF77122741F+3504127]
	GetHandleVerifier [0x00007FF77121B5FD+3455453]
	GetHandleVerifier [0x00007FF770F9BDBB+835995]
	(No symbol) [0x00007FF770E4EB5F]
	(No symbol) [0x00007FF770E4A814]
	(No symbol) [0x00007FF770E4A9AD]
	(No symbol) [0x00007FF770E3A199]
	BaseThreadInitThunk [0x00007FFB033F259D+29]
	RtlUserThreadStart [0x00007FFB042AAF38+40]

Question #: 19, https://www.examtopics.com/discussions/microsoft/view/56634-exam-az-900-topic-1-question-19-discussion/, Error al cargar la página https://www.examtopics.com/discussions/microsoft/view/56634-exam-az-900-topic-1-question-19-discussion/: Message: no such window: target window already closed
from unknown error: web view not found
  (Session info: chrome=131.0.6778.205)
Stacktrace:
	GetHandleVerifier [0x00007FF770ED6CB5+28821]
	(No symbol) [0x00007FF770E43840]
	(No symbol) [0x00007FF770CE578A]
	(No symbol) [0x00007FF770CBF4F5]
	(No symbol) [0x00007FF770D66247]
	(No symbol) [0x00007FF770D7ECE2]
	(No symbol) [0x00007FF770D5F0A3]
	(No symbol) [0x00007FF770D2A778]
	(No symbol) [0x00007FF770D2B8E1]
	GetHandleVerifier [0x00007FF77120FCAD+3408013]
	GetHandleVerifier [0x00007FF77122741F+3504127]
	GetHandleVerifier [0x00007FF77121B5FD+3455453]
	GetHandleVerifier [0x00007FF770F9BDBB+835995]
	(No symbol) [0x00007FF770E4EB5F]
	(No symbol) [0x00007FF770E4A814]
	(No symbol) [0x00007FF770E4A9AD]
	(No symbol) [0x00007FF770E3A199]
	BaseThreadInitThunk [0x00007FFB033F259D+29]
	RtlUserThreadStart [0x00007FFB042AAF38+40]

Question #: 20, https://www.examtopics.com/discussions/microsoft/view/56636-exam-az-900-topic-1-question-20-discussion/, Error al cargar la página https://www.examtopics.com/discussions/microsoft/view/56636-exam-az-900-topic-1-question-20-discussion/: Message: no such window: target window already closed
from unknown error: web view not found
  (Session info: chrome=131.0.6778.205)
Stacktrace:
	GetHandleVerifier [0x00007FF770ED6CB5+28821]
	(No symbol) [0x00007FF770E43840]
	(No symbol) [0x00007FF770CE578A]
	(No symbol) [0x00007FF770CBF4F5]
	(No symbol) [0x00007FF770D66247]
	(No symbol) [0x00007FF770D7ECE2]
	(No symbol) [0x00007FF770D5F0A3]
	(No symbol) [0x00007FF770D2A778]
	(No symbol) [0x00007FF770D2B8E1]
	GetHandleVerifier [0x00007FF77120FCAD+3408013]
	GetHandleVerifier [0x00007FF77122741F+3504127]
	GetHandleVerifier [0x00007FF77121B5FD+3455453]
	GetHandleVerifier [0x00007FF770F9BDBB+835995]
	(No symbol) [0x00007FF770E4EB5F]
	(No symbol) [0x00007FF770E4A814]
	(No symbol) [0x00007FF770E4A9AD]
	(No symbol) [0x00007FF770E3A199]
	BaseThreadInitThunk [0x00007FFB033F259D+29]
	RtlUserThreadStart [0x00007FFB042AAF38+40]

Question #: 21, https://www.examtopics.com/discussions/microsoft/view/56635-exam-az-900-topic-1-question-21-discussion/, Error al cargar la página https://www.examtopics.com/discussions/microsoft/view/56635-exam-az-900-topic-1-question-21-discussion/: Message: no such window: target window already closed
from unknown error: web view not found
  (Session info: chrome=131.0.6778.205)
Stacktrace:
	GetHandleVerifier [0x00007FF770ED6CB5+28821]
	(No symbol) [0x00007FF770E43840]
	(No symbol) [0x00007FF770CE578A]
	(No symbol) [0x00007FF770CBF4F5]
	(No symbol) [0x00007FF770D66247]
	(No symbol) [0x00007FF770D7ECE2]
	(No symbol) [0x00007FF770D5F0A3]
	(No symbol) [0x00007FF770D2A778]
	(No symbol) [0x00007FF770D2B8E1]
	GetHandleVerifier [0x00007FF77120FCAD+3408013]
	GetHandleVerifier [0x00007FF77122741F+3504127]
	GetHandleVerifier [0x00007FF77121B5FD+3455453]
	GetHandleVerifier [0x00007FF770F9BDBB+835995]
	(No symbol) [0x00007FF770E4EB5F]
	(No symbol) [0x00007FF770E4A814]
	(No symbol) [0x00007FF770E4A9AD]
	(No symbol) [0x00007FF770E3A199]
	BaseThreadInitThunk [0x00007FFB033F259D+29]
	RtlUserThreadStart [0x00007FFB042AAF38+40]

Question #: 22, https://www.examtopics.com/discussions/microsoft/view/56637-exam-az-900-topic-1-question-22-discussion/, Error al cargar la página https://www.examtopics.com/discussions/microsoft/view/56637-exam-az-900-topic-1-question-22-discussion/: Message: no such window: target window already closed
from unknown error: web view not found
  (Session info: chrome=131.0.6778.205)
Stacktrace:
	GetHandleVerifier [0x00007FF770ED6CB5+28821]
	(No symbol) [0x00007FF770E43840]
	(No symbol) [0x00007FF770CE578A]
	(No symbol) [0x00007FF770CBF4F5]
	(No symbol) [0x00007FF770D66247]
	(No symbol) [0x00007FF770D7ECE2]
	(No symbol) [0x00007FF770D5F0A3]
	(No symbol) [0x00007FF770D2A778]
	(No symbol) [0x00007FF770D2B8E1]
	GetHandleVerifier [0x00007FF77120FCAD+3408013]
	GetHandleVerifier [0x00007FF77122741F+3504127]
	GetHandleVerifier [0x00007FF77121B5FD+3455453]
	GetHandleVerifier [0x00007FF770F9BDBB+835995]
	(No symbol) [0x00007FF770E4EB5F]
	(No symbol) [0x00007FF770E4A814]
	(No symbol) [0x00007FF770E4A9AD]
	(No symbol) [0x00007FF770E3A199]
	BaseThreadInitThunk [0x00007FFB033F259D+29]
	RtlUserThreadStart [0x00007FFB042AAF38+40]

Question #: 23, https://www.examtopics.com/discussions/microsoft/view/56899-exam-az-900-topic-1-question-23-discussion/, Error al cargar la página https://www.examtopics.com/discussions/microsoft/view/56899-exam-az-900-topic-1-question-23-discussion/: Message: no such window: target window already closed
from unknown error: web view not found
  (Session info: chrome=131.0.6778.205)
Stacktrace:
	GetHandleVerifier [0x00007FF770ED6CB5+28821]
	(No symbol) [0x00007FF770E43840]
	(No symbol) [0x00007FF770CE578A]
	(No symbol) [0x00007FF770CBF4F5]
	(No symbol) [0x00007FF770D66247]
	(No symbol) [0x00007FF770D7ECE2]
	(No symbol) [0x00007FF770D5F0A3]
	(No symbol) [0x00007FF770D2A778]
	(No symbol) [0x00007FF770D2B8E1]
	GetHandleVerifier [0x00007FF77120FCAD+3408013]
	GetHandleVerifier [0x00007FF77122741F+3504127]
	GetHandleVerifier [0x00007FF77121B5FD+3455453]
	GetHandleVerifier [0x00007FF770F9BDBB+835995]
	(No symbol) [0x00007FF770E4EB5F]
	(No symbol) [0x00007FF770E4A814]
	(No symbol) [0x00007FF770E4A9AD]
	(No symbol) [0x00007FF770E3A199]
	BaseThreadInitThunk [0x00007FFB033F259D+29]
	RtlUserThreadStart [0x00007FFB042AAF38+40]

Question #: 24, https://www.examtopics.com/discussions/microsoft/view/56826-exam-az-900-topic-1-question-24-discussion/, Error al cargar la página https://www.examtopics.com/discussions/microsoft/view/56826-exam-az-900-topic-1-question-24-discussion/: Message: no such window: target window already closed
from unknown error: web view not found
  (Session info: chrome=131.0.6778.205)
Stacktrace:
	GetHandleVerifier [0x00007FF770ED6CB5+28821]
	(No symbol) [0x00007FF770E43840]
	(No symbol) [0x00007FF770CE578A]
	(No symbol) [0x00007FF770CBF4F5]
	(No symbol) [0x00007FF770D66247]
	(No symbol) [0x00007FF770D7ECE2]
	(No symbol) [0x00007FF770D5F0A3]
	(No symbol) [0x00007FF770D2A778]
	(No symbol) [0x00007FF770D2B8E1]
	GetHandleVerifier [0x00007FF77120FCAD+3408013]
	GetHandleVerifier [0x00007FF77122741F+3504127]
	GetHandleVerifier [0x00007FF77121B5FD+3455453]
	GetHandleVerifier [0x00007FF770F9BDBB+835995]
	(No symbol) [0x00007FF770E4EB5F]
	(No symbol) [0x00007FF770E4A814]
	(No symbol) [0x00007FF770E4A9AD]
	(No symbol) [0x00007FF770E3A199]
	BaseThreadInitThunk [0x00007FFB033F259D+29]
	RtlUserThreadStart [0x00007FFB042AAF38+40]

Question #: 25, https://www.examtopics.com/discussions/microsoft/view/56641-exam-az-900-topic-1-question-25-discussion/, Error al cargar la página https://www.examtopics.com/discussions/microsoft/view/56641-exam-az-900-topic-1-question-25-discussion/: Message: no such window: target window already closed
from unknown error: web view not found
  (Session info: chrome=131.0.6778.205)
Stacktrace:
	GetHandleVerifier [0x00007FF770ED6CB5+28821]
	(No symbol) [0x00007FF770E43840]
	(No symbol) [0x00007FF770CE578A]
	(No symbol) [0x00007FF770CBF4F5]
	(No symbol) [0x00007FF770D66247]
	(No symbol) [0x00007FF770D7ECE2]
	(No symbol) [0x00007FF770D5F0A3]
	(No symbol) [0x00007FF770D2A778]
	(No symbol) [0x00007FF770D2B8E1]
	GetHandleVerifier [0x00007FF77120FCAD+3408013]
	GetHandleVerifier [0x00007FF77122741F+3504127]
	GetHandleVerifier [0x00007FF77121B5FD+3455453]
	GetHandleVerifier [0x00007FF770F9BDBB+835995]
	(No symbol) [0x00007FF770E4EB5F]
	(No symbol) [0x00007FF770E4A814]
	(No symbol) [0x00007FF770E4A9AD]
	(No symbol) [0x00007FF770E3A199]
	BaseThreadInitThunk [0x00007FFB033F259D+29]
	RtlUserThreadStart [0x00007FFB042AAF38+40]

Question #: 26, https://www.examtopics.com/discussions/microsoft/view/56643-exam-az-900-topic-1-question-26-discussion/, Error al cargar la página https://www.examtopics.com/discussions/microsoft/view/56643-exam-az-900-topic-1-question-26-discussion/: Message: no such window: target window already closed
from unknown error: web view not found
  (Session info: chrome=131.0.6778.205)
Stacktrace:
	GetHandleVerifier [0x00007FF770ED6CB5+28821]
	(No symbol) [0x00007FF770E43840]
	(No symbol) [0x00007FF770CE578A]
	(No symbol) [0x00007FF770CBF4F5]
	(No symbol) [0x00007FF770D66247]
	(No symbol) [0x00007FF770D7ECE2]
	(No symbol) [0x00007FF770D5F0A3]
	(No symbol) [0x00007FF770D2A778]
	(No symbol) [0x00007FF770D2B8E1]
	GetHandleVerifier [0x00007FF77120FCAD+3408013]
	GetHandleVerifier [0x00007FF77122741F+3504127]
	GetHandleVerifier [0x00007FF77121B5FD+3455453]
	GetHandleVerifier [0x00007FF770F9BDBB+835995]
	(No symbol) [0x00007FF770E4EB5F]
	(No symbol) [0x00007FF770E4A814]
	(No symbol) [0x00007FF770E4A9AD]
	(No symbol) [0x00007FF770E3A199]
	BaseThreadInitThunk [0x00007FFB033F259D+29]
	RtlUserThreadStart [0x00007FFB042AAF38+40]

Question #: 27, https://www.examtopics.com/discussions/microsoft/view/62797-exam-az-900-topic-1-question-27-discussion/, Error al cargar la página https://www.examtopics.com/discussions/microsoft/view/62797-exam-az-900-topic-1-question-27-discussion/: Message: no such window: target window already closed
from unknown error: web view not found
  (Session info: chrome=131.0.6778.205)
Stacktrace:
	GetHandleVerifier [0x00007FF770ED6CB5+28821]
	(No symbol) [0x00007FF770E43840]
	(No symbol) [0x00007FF770CE578A]
	(No symbol) [0x00007FF770CBF4F5]
	(No symbol) [0x00007FF770D66247]
	(No symbol) [0x00007FF770D7ECE2]
	(No symbol) [0x00007FF770D5F0A3]
	(No symbol) [0x00007FF770D2A778]
	(No symbol) [0x00007FF770D2B8E1]
	GetHandleVerifier [0x00007FF77120FCAD+3408013]
	GetHandleVerifier [0x00007FF77122741F+3504127]
	GetHandleVerifier [0x00007FF77121B5FD+3455453]
	GetHandleVerifier [0x00007FF770F9BDBB+835995]
	(No symbol) [0x00007FF770E4EB5F]
	(No symbol) [0x00007FF770E4A814]
	(No symbol) [0x00007FF770E4A9AD]
	(No symbol) [0x00007FF770E3A199]
	BaseThreadInitThunk [0x00007FFB033F259D+29]
	RtlUserThreadStart [0x00007FFB042AAF38+40]

Question #: 28, https://www.examtopics.com/discussions/microsoft/view/62807-exam-az-900-topic-1-question-28-discussion/, Error al cargar la página https://www.examtopics.com/discussions/microsoft/view/62807-exam-az-900-topic-1-question-28-discussion/: Message: no such window: target window already closed
from unknown error: web view not found
  (Session info: chrome=131.0.6778.205)
Stacktrace:
	GetHandleVerifier [0x00007FF770ED6CB5+28821]
	(No symbol) [0x00007FF770E43840]
	(No symbol) [0x00007FF770CE578A]
	(No symbol) [0x00007FF770CBF4F5]
	(No symbol) [0x00007FF770D66247]
	(No symbol) [0x00007FF770D7ECE2]
	(No symbol) [0x00007FF770D5F0A3]
	(No symbol) [0x00007FF770D2A778]
	(No symbol) [0x00007FF770D2B8E1]
	GetHandleVerifier [0x00007FF77120FCAD+3408013]
	GetHandleVerifier [0x00007FF77122741F+3504127]
	GetHandleVerifier [0x00007FF77121B5FD+3455453]
	GetHandleVerifier [0x00007FF770F9BDBB+835995]
	(No symbol) [0x00007FF770E4EB5F]
	(No symbol) [0x00007FF770E4A814]
	(No symbol) [0x00007FF770E4A9AD]
	(No symbol) [0x00007FF770E3A199]
	BaseThreadInitThunk [0x00007FFB033F259D+29]
	RtlUserThreadStart [0x00007FFB042AAF38+40]

Question #: 29, https://www.examtopics.com/discussions/microsoft/view/56650-exam-az-900-topic-1-question-29-discussion/, Error al cargar la página https://www.examtopics.com/discussions/microsoft/view/56650-exam-az-900-topic-1-question-29-discussion/: Message: no such window: target window already closed
from unknown error: web view not found
  (Session info: chrome=131.0.6778.205)
Stacktrace:
	GetHandleVerifier [0x00007FF770ED6CB5+28821]
	(No symbol) [0x00007FF770E43840]
	(No symbol) [0x00007FF770CE578A]
	(No symbol) [0x00007FF770CBF4F5]
	(No symbol) [0x00007FF770D66247]
	(No symbol) [0x00007FF770D7ECE2]
	(No symbol) [0x00007FF770D5F0A3]
	(No symbol) [0x00007FF770D2A778]
	(No symbol) [0x00007FF770D2B8E1]
	GetHandleVerifier [0x00007FF77120FCAD+3408013]
	GetHandleVerifier [0x00007FF77122741F+3504127]
	GetHandleVerifier [0x00007FF77121B5FD+3455453]
	GetHandleVerifier [0x00007FF770F9BDBB+835995]
	(No symbol) [0x00007FF770E4EB5F]
	(No symbol) [0x00007FF770E4A814]
	(No symbol) [0x00007FF770E4A9AD]
	(No symbol) [0x00007FF770E3A199]
	BaseThreadInitThunk [0x00007FFB033F259D+29]
	RtlUserThreadStart [0x00007FFB042AAF38+40]

Question #: 30, https://www.examtopics.com/discussions/microsoft/view/56651-exam-az-900-topic-1-question-30-discussion/, Error al cargar la página https://www.examtopics.com/discussions/microsoft/view/56651-exam-az-900-topic-1-question-30-discussion/: Message: no such window: target window already closed
from unknown error: web view not found
  (Session info: chrome=131.0.6778.205)
Stacktrace:
	GetHandleVerifier [0x00007FF770ED6CB5+28821]
	(No symbol) [0x00007FF770E43840]
	(No symbol) [0x00007FF770CE578A]
	(No symbol) [0x00007FF770CBF4F5]
	(No symbol) [0x00007FF770D66247]
	(No symbol) [0x00007FF770D7ECE2]
	(No symbol) [0x00007FF770D5F0A3]
	(No symbol) [0x00007FF770D2A778]
	(No symbol) [0x00007FF770D2B8E1]
	GetHandleVerifier [0x00007FF77120FCAD+3408013]
	GetHandleVerifier [0x00007FF77122741F+3504127]
	GetHandleVerifier [0x00007FF77121B5FD+3455453]
	GetHandleVerifier [0x00007FF770F9BDBB+835995]
	(No symbol) [0x00007FF770E4EB5F]
	(No symbol) [0x00007FF770E4A814]
	(No symbol) [0x00007FF770E4A9AD]
	(No symbol) [0x00007FF770E3A199]
	BaseThreadInitThunk [0x00007FFB033F259D+29]
	RtlUserThreadStart [0x00007FFB042AAF38+40]

Question #: 31, https://www.examtopics.com/discussions/microsoft/view/56915-exam-az-900-topic-1-question-31-discussion/, Error al cargar la página https://www.examtopics.com/discussions/microsoft/view/56915-exam-az-900-topic-1-question-31-discussion/: Message: no such window: target window already closed
from unknown error: web view not found
  (Session info: chrome=131.0.6778.205)
Stacktrace:
	GetHandleVerifier [0x00007FF770ED6CB5+28821]
	(No symbol) [0x00007FF770E43840]
	(No symbol) [0x00007FF770CE578A]
	(No symbol) [0x00007FF770CBF4F5]
	(No symbol) [0x00007FF770D66247]
	(No symbol) [0x00007FF770D7ECE2]
	(No symbol) [0x00007FF770D5F0A3]
	(No symbol) [0x00007FF770D2A778]
	(No symbol) [0x00007FF770D2B8E1]
	GetHandleVerifier [0x00007FF77120FCAD+3408013]
	GetHandleVerifier [0x00007FF77122741F+3504127]
	GetHandleVerifier [0x00007FF77121B5FD+3455453]
	GetHandleVerifier [0x00007FF770F9BDBB+835995]
	(No symbol) [0x00007FF770E4EB5F]
	(No symbol) [0x00007FF770E4A814]
	(No symbol) [0x00007FF770E4A9AD]
	(No symbol) [0x00007FF770E3A199]
	BaseThreadInitThunk [0x00007FFB033F259D+29]
	RtlUserThreadStart [0x00007FFB042AAF38+40]

Question #: 32, https://www.examtopics.com/discussions/microsoft/view/56358-exam-az-900-topic-1-question-32-discussion/, Error al cargar la página https://www.examtopics.com/discussions/microsoft/view/56358-exam-az-900-topic-1-question-32-discussion/: Message: no such window: target window already closed
from unknown error: web view not found
  (Session info: chrome=131.0.6778.205)
Stacktrace:
	GetHandleVerifier [0x00007FF770ED6CB5+28821]
	(No symbol) [0x00007FF770E43840]
	(No symbol) [0x00007FF770CE578A]
	(No symbol) [0x00007FF770CBF4F5]
	(No symbol) [0x00007FF770D66247]
	(No symbol) [0x00007FF770D7ECE2]
	(No symbol) [0x00007FF770D5F0A3]
	(No symbol) [0x00007FF770D2A778]
	(No symbol) [0x00007FF770D2B8E1]
	GetHandleVerifier [0x00007FF77120FCAD+3408013]
	GetHandleVerifier [0x00007FF77122741F+3504127]
	GetHandleVerifier [0x00007FF77121B5FD+3455453]
	GetHandleVerifier [0x00007FF770F9BDBB+835995]
	(No symbol) [0x00007FF770E4EB5F]
	(No symbol) [0x00007FF770E4A814]
	(No symbol) [0x00007FF770E4A9AD]
	(No symbol) [0x00007FF770E3A199]
	BaseThreadInitThunk [0x00007FFB033F259D+29]
	RtlUserThreadStart [0x00007FFB042AAF38+40]

Question #: 33, https://www.examtopics.com/discussions/microsoft/view/56317-exam-az-900-topic-1-question-33-discussion/, Error al cargar la página https://www.examtopics.com/discussions/microsoft/view/56317-exam-az-900-topic-1-question-33-discussion/: Message: no such window: target window already closed
from unknown error: web view not found
  (Session info: chrome=131.0.6778.205)
Stacktrace:
	GetHandleVerifier [0x00007FF770ED6CB5+28821]
	(No symbol) [0x00007FF770E43840]
	(No symbol) [0x00007FF770CE578A]
	(No symbol) [0x00007FF770CBF4F5]
	(No symbol) [0x00007FF770D66247]
	(No symbol) [0x00007FF770D7ECE2]
	(No symbol) [0x00007FF770D5F0A3]
	(No symbol) [0x00007FF770D2A778]
	(No symbol) [0x00007FF770D2B8E1]
	GetHandleVerifier [0x00007FF77120FCAD+3408013]
	GetHandleVerifier [0x00007FF77122741F+3504127]
	GetHandleVerifier [0x00007FF77121B5FD+3455453]
	GetHandleVerifier [0x00007FF770F9BDBB+835995]
	(No symbol) [0x00007FF770E4EB5F]
	(No symbol) [0x00007FF770E4A814]
	(No symbol) [0x00007FF770E4A9AD]
	(No symbol) [0x00007FF770E3A199]
	BaseThreadInitThunk [0x00007FFB033F259D+29]
	RtlUserThreadStart [0x00007FFB042AAF38+40]

Question #: 34, https://www.examtopics.com/discussions/microsoft/view/8931-exam-az-900-topic-1-question-34-discussion/, Error al cargar la página https://www.examtopics.com/discussions/microsoft/view/8931-exam-az-900-topic-1-question-34-discussion/: Message: no such window: target window already closed
from unknown error: web view not found
  (Session info: chrome=131.0.6778.205)
Stacktrace:
	GetHandleVerifier [0x00007FF770ED6CB5+28821]
	(No symbol) [0x00007FF770E43840]
	(No symbol) [0x00007FF770CE578A]
	(No symbol) [0x00007FF770CBF4F5]
	(No symbol) [0x00007FF770D66247]
	(No symbol) [0x00007FF770D7ECE2]
	(No symbol) [0x00007FF770D5F0A3]
	(No symbol) [0x00007FF770D2A778]
	(No symbol) [0x00007FF770D2B8E1]
	GetHandleVerifier [0x00007FF77120FCAD+3408013]
	GetHandleVerifier [0x00007FF77122741F+3504127]
	GetHandleVerifier [0x00007FF77121B5FD+3455453]
	GetHandleVerifier [0x00007FF770F9BDBB+835995]
	(No symbol) [0x00007FF770E4EB5F]
	(No symbol) [0x00007FF770E4A814]
	(No symbol) [0x00007FF770E4A9AD]
	(No symbol) [0x00007FF770E3A199]
	BaseThreadInitThunk [0x00007FFB033F259D+29]
	RtlUserThreadStart [0x00007FFB042AAF38+40]

Question #: 473, https://www.examtopics.com/exams/microsfot/az-900/view/48/, Error al cargar la página https://www.examtopics.com/exams/microsfot/az-900/view/48/: Message: 
Stacktrace:
	GetHandleVerifier [0x00007FF6774C6CB5+28821]
	(No symbol) [0x00007FF677433840]
	(No symbol) [0x00007FF6772D578A]
	(No symbol) [0x00007FF6773291BE]
	(No symbol) [0x00007FF6773294AC]
	(No symbol) [0x00007FF677372647]
	(No symbol) [0x00007FF67734F33F]
	(No symbol) [0x00007FF67736F412]
	(No symbol) [0x00007FF67734F0A3]
	(No symbol) [0x00007FF67731A778]
	(No symbol) [0x00007FF67731B8E1]
	GetHandleVerifier [0x00007FF6777FFCAD+3408013]
	GetHandleVerifier [0x00007FF67781741F+3504127]
	GetHandleVerifier [0x00007FF67780B5FD+3455453]
	GetHandleVerifier [0x00007FF67758BDBB+835995]
	(No symbol) [0x00007FF67743EB5F]
	(No symbol) [0x00007FF67743A814]
	(No symbol) [0x00007FF67743A9AD]
	(No symbol) [0x00007FF67742A199]
	BaseThreadInitThunk [0x00007FFB033F259D+29]
	RtlUserThreadStart [0x00007FFB042AAF38+40]

